::1 - - [24/Apr/2022:15:41:40 +0200] "GET / HTTP/1.1" 200 592 "http://localhost:8000/" "Mozilla/5.0 (Linux; Android 6.0; Nexus 5 Build/MRA58N) AppleWebKit/537.36 (KHTML, like Gecko) Chrome/99.0.4844.84 Mobile Safari/537.36"
::1 - - [24/Apr/2022:15:41:40 +0200] "GET /global.css HTTP/1.1" 200 1047 "http://localhost:8000/" "Mozilla/5.0 (Linux; Android 6.0; Nexus 5 Build/MRA58N) AppleWebKit/537.36 (KHTML, like Gecko) Chrome/99.0.4844.84 Mobile Safari/537.36"
::1 - - [24/Apr/2022:15:41:40 +0200] "GET /build/bundle.css HTTP/1.1" 200 4694 "http://localhost:8000/" "Mozilla/5.0 (Linux; Android 6.0; Nexus 5 Build/MRA58N) AppleWebKit/537.36 (KHTML, like Gecko) Chrome/99.0.4844.84 Mobile Safari/537.36"
::1 - - [24/Apr/2022:15:41:40 +0200] "GET /build/bundle.js HTTP/1.1" 200 216063 "http://localhost:8000/" "Mozilla/5.0 (Linux; Android 6.0; Nexus 5 Build/MRA58N) AppleWebKit/537.36 (KHTML, like Gecko) Chrome/99.0.4844.84 Mobile Safari/537.36"
::1 - - [24/Apr/2022:15:41:40 +0200] "GET /build/bundle.js.map HTTP/1.1" 200 267260 "-" "Mozilla/5.0 (Windows NT 10.0; Win64; x64) AppleWebKit/537.36 (KHTML, like Gecko) Chrome/99.0.4844.84 Safari/537.36 OPR/85.0.4341.75"
::1 - - [24/Apr/2022:15:41:40 +0200] "GET /favicon.png HTTP/1.1" 200 3127 "http://localhost:8000/" "Mozilla/5.0 (Linux; Android 6.0; Nexus 5 Build/MRA58N) AppleWebKit/537.36 (KHTML, like Gecko) Chrome/99.0.4844.84 Mobile Safari/537.36"
::1 - - [24/Apr/2022:15:42:59 +0200] "GET / HTTP/1.1" 200 592 "http://localhost:8000/" "Mozilla/5.0 (Linux; Android 6.0; Nexus 5 Build/MRA58N) AppleWebKit/537.36 (KHTML, like Gecko) Chrome/99.0.4844.84 Mobile Safari/537.36"
::1 - - [24/Apr/2022:15:42:59 +0200] "GET /global.css HTTP/1.1" 200 1047 "http://localhost:8000/" "Mozilla/5.0 (Linux; Android 6.0; Nexus 5 Build/MRA58N) AppleWebKit/537.36 (KHTML, like Gecko) Chrome/99.0.4844.84 Mobile Safari/537.36"
::1 - - [24/Apr/2022:15:42:59 +0200] "GET /build/bundle.css HTTP/1.1" 200 4694 "http://localhost:8000/" "Mozilla/5.0 (Linux; Android 6.0; Nexus 5 Build/MRA58N) AppleWebKit/537.36 (KHTML, like Gecko) Chrome/99.0.4844.84 Mobile Safari/537.36"
::1 - - [24/Apr/2022:15:42:59 +0200] "GET /build/bundle.js HTTP/1.1" 200 282695 "http://localhost:8000/" "Mozilla/5.0 (Linux; Android 6.0; Nexus 5 Build/MRA58N) AppleWebKit/537.36 (KHTML, like Gecko) Chrome/99.0.4844.84 Mobile Safari/537.36"
::1 - - [24/Apr/2022:15:42:59 +0200] "GET /build/bundle.js.map HTTP/1.1" 200 394482 "-" "Mozilla/5.0 (Windows NT 10.0; Win64; x64) AppleWebKit/537.36 (KHTML, like Gecko) Chrome/99.0.4844.84 Safari/537.36 OPR/85.0.4341.75"
::1 - - [24/Apr/2022:15:42:59 +0200] "GET /favicon.png HTTP/1.1" 200 3127 "http://localhost:8000/" "Mozilla/5.0 (Linux; Android 6.0; Nexus 5 Build/MRA58N) AppleWebKit/537.36 (KHTML, like Gecko) Chrome/99.0.4844.84 Mobile Safari/537.36"
::1 - - [26/Apr/2022:16:31:06 +0200] "GET / HTTP/1.1" 200 592 "-" "Mozilla/5.0 (Windows NT 10.0; Win64; x64) AppleWebKit/537.36 (KHTML, like Gecko) Chrome/99.0.4844.84 Safari/537.36 OPR/85.0.4341.75"
::1 - - [26/Apr/2022:16:31:06 +0200] "GET /global.css HTTP/1.1" 200 1047 "http://localhost:8000/" "Mozilla/5.0 (Windows NT 10.0; Win64; x64) AppleWebKit/537.36 (KHTML, like Gecko) Chrome/99.0.4844.84 Safari/537.36 OPR/85.0.4341.75"
::1 - - [26/Apr/2022:16:31:06 +0200] "GET /build/bundle.css HTTP/1.1" 200 4836 "http://localhost:8000/" "Mozilla/5.0 (Windows NT 10.0; Win64; x64) AppleWebKit/537.36 (KHTML, like Gecko) Chrome/99.0.4844.84 Safari/537.36 OPR/85.0.4341.75"
::1 - - [26/Apr/2022:16:31:06 +0200] "GET /build/bundle.js HTTP/1.1" 200 291493 "http://localhost:8000/" "Mozilla/5.0 (Windows NT 10.0; Win64; x64) AppleWebKit/537.36 (KHTML, like Gecko) Chrome/99.0.4844.84 Safari/537.36 OPR/85.0.4341.75"
::1 - - [26/Apr/2022:16:31:30 +0200] "GET / HTTP/1.1" 304 0 "-" "Mozilla/5.0 (Windows NT 10.0; Win64; x64) AppleWebKit/537.36 (KHTML, like Gecko) Chrome/99.0.4844.84 Safari/537.36 OPR/85.0.4341.75"
::1 - - [26/Apr/2022:16:31:30 +0200] "GET /build/bundle.css HTTP/1.1" 304 0 "http://localhost:8000/" "Mozilla/5.0 (Windows NT 10.0; Win64; x64) AppleWebKit/537.36 (KHTML, like Gecko) Chrome/99.0.4844.84 Safari/537.36 OPR/85.0.4341.75"
::1 - - [26/Apr/2022:16:31:30 +0200] "GET /build/bundle.js HTTP/1.1" 304 0 "http://localhost:8000/" "Mozilla/5.0 (Windows NT 10.0; Win64; x64) AppleWebKit/537.36 (KHTML, like Gecko) Chrome/99.0.4844.84 Safari/537.36 OPR/85.0.4341.75"
::1 - - [26/Apr/2022:16:31:30 +0200] "GET /favicon.png HTTP/1.1" 200 3127 "http://localhost:8000/" "Mozilla/5.0 (Windows NT 10.0; Win64; x64) AppleWebKit/537.36 (KHTML, like Gecko) Chrome/99.0.4844.84 Safari/537.36 OPR/85.0.4341.75"
::1 - - [26/Apr/2022:16:47:00 +0200] "GET / HTTP/1.1" 304 0 "http://localhost:8000/" "Mozilla/5.0 (Windows NT 10.0; Win64; x64) AppleWebKit/537.36 (KHTML, like Gecko) Chrome/99.0.4844.84 Safari/537.36 OPR/85.0.4341.75"
::1 - - [26/Apr/2022:16:47:00 +0200] "GET /build/bundle.css HTTP/1.1" 304 0 "http://localhost:8000/" "Mozilla/5.0 (Windows NT 10.0; Win64; x64) AppleWebKit/537.36 (KHTML, like Gecko) Chrome/99.0.4844.84 Safari/537.36 OPR/85.0.4341.75"
::1 - - [26/Apr/2022:16:47:00 +0200] "GET /build/bundle.js HTTP/1.1" 200 294485 "http://localhost:8000/" "Mozilla/5.0 (Windows NT 10.0; Win64; x64) AppleWebKit/537.36 (KHTML, like Gecko) Chrome/99.0.4844.84 Safari/537.36 OPR/85.0.4341.75"
::1 - - [26/Apr/2022:16:47:10 +0200] "GET / HTTP/1.1" 304 0 "http://localhost:8000/" "Mozilla/5.0 (Windows NT 10.0; Win64; x64) AppleWebKit/537.36 (KHTML, like Gecko) Chrome/99.0.4844.84 Safari/537.36 OPR/85.0.4341.75"
::1 - - [26/Apr/2022:16:47:10 +0200] "GET /build/bundle.js HTTP/1.1" 200 294472 "http://localhost:8000/" "Mozilla/5.0 (Windows NT 10.0; Win64; x64) AppleWebKit/537.36 (KHTML, like Gecko) Chrome/99.0.4844.84 Safari/537.36 OPR/85.0.4341.75"
::1 - - [26/Apr/2022:16:47:10 +0200] "GET / HTTP/1.1" 304 0 "http://localhost:8000/" "Mozilla/5.0 (Windows NT 10.0; Win64; x64) AppleWebKit/537.36 (KHTML, like Gecko) Chrome/99.0.4844.84 Safari/537.36 OPR/85.0.4341.75"
::1 - - [26/Apr/2022:16:47:10 +0200] "GET /build/bundle.js HTTP/1.1" 304 0 "http://localhost:8000/" "Mozilla/5.0 (Windows NT 10.0; Win64; x64) AppleWebKit/537.36 (KHTML, like Gecko) Chrome/99.0.4844.84 Safari/537.36 OPR/85.0.4341.75"
::1 - - [26/Apr/2022:16:47:30 +0200] "GET /build/bundle.css?livereload=1650984450621 HTTP/1.1" 200 4845 "http://localhost:8000/" "Mozilla/5.0 (Windows NT 10.0; Win64; x64) AppleWebKit/537.36 (KHTML, like Gecko) Chrome/99.0.4844.84 Safari/537.36 OPR/85.0.4341.75"
::1 - - [26/Apr/2022:16:47:30 +0200] "GET / HTTP/1.1" 304 0 "http://localhost:8000/" "Mozilla/5.0 (Windows NT 10.0; Win64; x64) AppleWebKit/537.36 (KHTML, like Gecko) Chrome/99.0.4844.84 Safari/537.36 OPR/85.0.4341.75"
::1 - - [26/Apr/2022:16:47:30 +0200] "GET /build/bundle.js HTTP/1.1" 200 294521 "http://localhost:8000/" "Mozilla/5.0 (Windows NT 10.0; Win64; x64) AppleWebKit/537.36 (KHTML, like Gecko) Chrome/99.0.4844.84 Safari/537.36 OPR/85.0.4341.75"
::1 - - [26/Apr/2022:16:47:41 +0200] "GET /build/bundle.css?livereload=1650984461426 HTTP/1.1" 200 4863 "http://localhost:8000/" "Mozilla/5.0 (Windows NT 10.0; Win64; x64) AppleWebKit/537.36 (KHTML, like Gecko) Chrome/99.0.4844.84 Safari/537.36 OPR/85.0.4341.75"
::1 - - [26/Apr/2022:16:47:41 +0200] "GET / HTTP/1.1" 304 0 "http://localhost:8000/" "Mozilla/5.0 (Windows NT 10.0; Win64; x64) AppleWebKit/537.36 (KHTML, like Gecko) Chrome/99.0.4844.84 Safari/537.36 OPR/85.0.4341.75"
::1 - - [26/Apr/2022:16:47:41 +0200] "GET /build/bundle.js HTTP/1.1" 200 294521 "http://localhost:8000/" "Mozilla/5.0 (Windows NT 10.0; Win64; x64) AppleWebKit/537.36 (KHTML, like Gecko) Chrome/99.0.4844.84 Safari/537.36 OPR/85.0.4341.75"
::1 - - [26/Apr/2022:16:47:57 +0200] "GET / HTTP/1.1" 304 0 "http://localhost:8000/" "Mozilla/5.0 (Windows NT 10.0; Win64; x64) AppleWebKit/537.36 (KHTML, like Gecko) Chrome/99.0.4844.84 Safari/537.36 OPR/85.0.4341.75"
::1 - - [26/Apr/2022:16:47:58 +0200] "GET /build/bundle.js HTTP/1.1" 200 291526 "http://localhost:8000/" "Mozilla/5.0 (Windows NT 10.0; Win64; x64) AppleWebKit/537.36 (KHTML, like Gecko) Chrome/99.0.4844.84 Safari/537.36 OPR/85.0.4341.75"
::1 - - [26/Apr/2022:16:48:17 +0200] "GET /build/bundle.css?livereload=1650984497784 HTTP/1.1" 200 4875 "http://localhost:8000/" "Mozilla/5.0 (Windows NT 10.0; Win64; x64) AppleWebKit/537.36 (KHTML, like Gecko) Chrome/99.0.4844.84 Safari/537.36 OPR/85.0.4341.75"
::1 - - [26/Apr/2022:16:48:17 +0200] "GET / HTTP/1.1" 304 0 "http://localhost:8000/" "Mozilla/5.0 (Windows NT 10.0; Win64; x64) AppleWebKit/537.36 (KHTML, like Gecko) Chrome/99.0.4844.84 Safari/537.36 OPR/85.0.4341.75"
::1 - - [26/Apr/2022:16:48:17 +0200] "GET /build/bundle.js HTTP/1.1" 200 291526 "http://localhost:8000/" "Mozilla/5.0 (Windows NT 10.0; Win64; x64) AppleWebKit/537.36 (KHTML, like Gecko) Chrome/99.0.4844.84 Safari/537.36 OPR/85.0.4341.75"
::1 - - [26/Apr/2022:16:48:23 +0200] "GET /build/bundle.js.map HTTP/1.1" 200 402714 "-" "Mozilla/5.0 (Windows NT 10.0; Win64; x64) AppleWebKit/537.36 (KHTML, like Gecko) Chrome/99.0.4844.84 Safari/537.36 OPR/85.0.4341.75"
::1 - - [26/Apr/2022:16:52:07 +0200] "GET /build/bundle.css?livereload=1650984727275 HTTP/1.1" 200 4866 "http://localhost:8000/" "Mozilla/5.0 (Linux; Android 10; SM-G981B) AppleWebKit/537.36 (KHTML, like Gecko) Chrome/80.0.3987.162 Mobile Safari/537.36"
::1 - - [26/Apr/2022:16:52:07 +0200] "GET / HTTP/1.1" 304 0 "http://localhost:8000/" "Mozilla/5.0 (Linux; Android 10; SM-G981B) AppleWebKit/537.36 (KHTML, like Gecko) Chrome/80.0.3987.162 Mobile Safari/537.36"
::1 - - [26/Apr/2022:16:52:07 +0200] "GET /build/bundle.css HTTP/1.1" 200 4866 "http://localhost:8000/" "Mozilla/5.0 (Linux; Android 10; SM-G981B) AppleWebKit/537.36 (KHTML, like Gecko) Chrome/80.0.3987.162 Mobile Safari/537.36"
::1 - - [26/Apr/2022:16:52:07 +0200] "GET /build/bundle.js HTTP/1.1" 200 291493 "http://localhost:8000/" "Mozilla/5.0 (Linux; Android 10; SM-G981B) AppleWebKit/537.36 (KHTML, like Gecko) Chrome/80.0.3987.162 Mobile Safari/537.36"
::1 - - [26/Apr/2022:16:52:07 +0200] "GET /build/bundle.js.map HTTP/1.1" 200 402699 "-" "Mozilla/5.0 (Windows NT 10.0; Win64; x64) AppleWebKit/537.36 (KHTML, like Gecko) Chrome/99.0.4844.84 Safari/537.36 OPR/85.0.4341.75"
::1 - - [26/Apr/2022:16:52:24 +0200] "GET /build/bundle.css?livereload=1650984744683 HTTP/1.1" 200 4890 "http://localhost:8000/" "Mozilla/5.0 (Linux; Android 10; SM-G981B) AppleWebKit/537.36 (KHTML, like Gecko) Chrome/80.0.3987.162 Mobile Safari/537.36"
::1 - - [26/Apr/2022:16:52:24 +0200] "GET / HTTP/1.1" 304 0 "http://localhost:8000/" "Mozilla/5.0 (Linux; Android 10; SM-G981B) AppleWebKit/537.36 (KHTML, like Gecko) Chrome/80.0.3987.162 Mobile Safari/537.36"
::1 - - [26/Apr/2022:16:52:24 +0200] "GET /build/bundle.css HTTP/1.1" 200 4890 "http://localhost:8000/" "Mozilla/5.0 (Linux; Android 10; SM-G981B) AppleWebKit/537.36 (KHTML, like Gecko) Chrome/80.0.3987.162 Mobile Safari/537.36"
::1 - - [26/Apr/2022:16:52:24 +0200] "GET /build/bundle.js HTTP/1.1" 200 291494 "http://localhost:8000/" "Mozilla/5.0 (Linux; Android 10; SM-G981B) AppleWebKit/537.36 (KHTML, like Gecko) Chrome/80.0.3987.162 Mobile Safari/537.36"
::1 - - [26/Apr/2022:16:52:24 +0200] "GET /build/bundle.js.map HTTP/1.1" 200 402733 "-" "Mozilla/5.0 (Windows NT 10.0; Win64; x64) AppleWebKit/537.36 (KHTML, like Gecko) Chrome/99.0.4844.84 Safari/537.36 OPR/85.0.4341.75"
::1 - - [26/Apr/2022:16:52:41 +0200] "GET /build/bundle.css?livereload=1650984761410 HTTP/1.1" 200 4931 "http://localhost:8000/" "Mozilla/5.0 (Linux; Android 10; SM-G981B) AppleWebKit/537.36 (KHTML, like Gecko) Chrome/80.0.3987.162 Mobile Safari/537.36"
::1 - - [26/Apr/2022:16:52:41 +0200] "GET / HTTP/1.1" 304 0 "http://localhost:8000/" "Mozilla/5.0 (Linux; Android 10; SM-G981B) AppleWebKit/537.36 (KHTML, like Gecko) Chrome/80.0.3987.162 Mobile Safari/537.36"
::1 - - [26/Apr/2022:16:52:41 +0200] "GET /build/bundle.css HTTP/1.1" 200 4931 "http://localhost:8000/" "Mozilla/5.0 (Linux; Android 10; SM-G981B) AppleWebKit/537.36 (KHTML, like Gecko) Chrome/80.0.3987.162 Mobile Safari/537.36"
::1 - - [26/Apr/2022:16:52:41 +0200] "GET /build/bundle.js HTTP/1.1" 200 291493 "http://localhost:8000/" "Mozilla/5.0 (Linux; Android 10; SM-G981B) AppleWebKit/537.36 (KHTML, like Gecko) Chrome/80.0.3987.162 Mobile Safari/537.36"
::1 - - [26/Apr/2022:16:52:41 +0200] "GET /build/bundle.js.map HTTP/1.1" 200 402816 "-" "Mozilla/5.0 (Windows NT 10.0; Win64; x64) AppleWebKit/537.36 (KHTML, like Gecko) Chrome/99.0.4844.84 Safari/537.36 OPR/85.0.4341.75"
::1 - - [26/Apr/2022:16:53:43 +0200] "GET / HTTP/1.1" 304 0 "http://localhost:8000/" "Mozilla/5.0 (Windows NT 10.0; Win64; x64) AppleWebKit/537.36 (KHTML, like Gecko) Chrome/99.0.4844.84 Safari/537.36 OPR/85.0.4341.75"
::1 - - [26/Apr/2022:16:53:43 +0200] "GET /build/bundle.css HTTP/1.1" 304 0 "http://localhost:8000/" "Mozilla/5.0 (Windows NT 10.0; Win64; x64) AppleWebKit/537.36 (KHTML, like Gecko) Chrome/99.0.4844.84 Safari/537.36 OPR/85.0.4341.75"
::1 - - [26/Apr/2022:16:53:43 +0200] "GET /build/bundle.js HTTP/1.1" 200 291470 "http://localhost:8000/" "Mozilla/5.0 (Windows NT 10.0; Win64; x64) AppleWebKit/537.36 (KHTML, like Gecko) Chrome/99.0.4844.84 Safari/537.36 OPR/85.0.4341.75"
::1 - - [26/Apr/2022:16:54:04 +0200] "GET / HTTP/1.1" 304 0 "http://localhost:8000/" "Mozilla/5.0 (Windows NT 10.0; Win64; x64) AppleWebKit/537.36 (KHTML, like Gecko) Chrome/99.0.4844.84 Safari/537.36 OPR/85.0.4341.75"
::1 - - [26/Apr/2022:16:54:04 +0200] "GET /build/bundle.css HTTP/1.1" 304 0 "http://localhost:8000/" "Mozilla/5.0 (Windows NT 10.0; Win64; x64) AppleWebKit/537.36 (KHTML, like Gecko) Chrome/99.0.4844.84 Safari/537.36 OPR/85.0.4341.75"
::1 - - [26/Apr/2022:16:54:04 +0200] "GET /build/bundle.js HTTP/1.1" 200 291470 "http://localhost:8000/" "Mozilla/5.0 (Windows NT 10.0; Win64; x64) AppleWebKit/537.36 (KHTML, like Gecko) Chrome/99.0.4844.84 Safari/537.36 OPR/85.0.4341.75"
::1 - - [26/Apr/2022:16:54:35 +0200] "GET /build/bundle.css?livereload=1650984875616 HTTP/1.1" 200 4937 "http://localhost:8000/" "Mozilla/5.0 (Windows NT 10.0; Win64; x64) AppleWebKit/537.36 (KHTML, like Gecko) Chrome/99.0.4844.84 Safari/537.36 OPR/85.0.4341.75"
::1 - - [26/Apr/2022:16:54:35 +0200] "GET / HTTP/1.1" 304 0 "http://localhost:8000/" "Mozilla/5.0 (Windows NT 10.0; Win64; x64) AppleWebKit/537.36 (KHTML, like Gecko) Chrome/99.0.4844.84 Safari/537.36 OPR/85.0.4341.75"
::1 - - [26/Apr/2022:16:54:35 +0200] "GET /build/bundle.css HTTP/1.1" 200 4937 "http://localhost:8000/" "Mozilla/5.0 (Windows NT 10.0; Win64; x64) AppleWebKit/537.36 (KHTML, like Gecko) Chrome/99.0.4844.84 Safari/537.36 OPR/85.0.4341.75"
::1 - - [26/Apr/2022:16:54:35 +0200] "GET /build/bundle.js HTTP/1.1" 200 291471 "http://localhost:8000/" "Mozilla/5.0 (Windows NT 10.0; Win64; x64) AppleWebKit/537.36 (KHTML, like Gecko) Chrome/99.0.4844.84 Safari/537.36 OPR/85.0.4341.75"
::1 - - [26/Apr/2022:16:55:06 +0200] "GET / HTTP/1.1" 304 0 "http://localhost:8000/" "Mozilla/5.0 (Windows NT 10.0; Win64; x64) AppleWebKit/537.36 (KHTML, like Gecko) Chrome/99.0.4844.84 Safari/537.36 OPR/85.0.4341.75"
::1 - - [26/Apr/2022:16:55:06 +0200] "GET /build/bundle.css HTTP/1.1" 304 0 "http://localhost:8000/" "Mozilla/5.0 (Windows NT 10.0; Win64; x64) AppleWebKit/537.36 (KHTML, like Gecko) Chrome/99.0.4844.84 Safari/537.36 OPR/85.0.4341.75"
::1 - - [26/Apr/2022:16:55:06 +0200] "GET /build/bundle.js HTTP/1.1" 200 291728 "http://localhost:8000/" "Mozilla/5.0 (Windows NT 10.0; Win64; x64) AppleWebKit/537.36 (KHTML, like Gecko) Chrome/99.0.4844.84 Safari/537.36 OPR/85.0.4341.75"
::1 - - [26/Apr/2022:16:55:27 +0200] "GET /build/bundle.css?livereload=1650984926985 HTTP/1.1" 200 4935 "http://localhost:8000/" "Mozilla/5.0 (Windows NT 10.0; Win64; x64) AppleWebKit/537.36 (KHTML, like Gecko) Chrome/99.0.4844.84 Safari/537.36 OPR/85.0.4341.75"
::1 - - [26/Apr/2022:16:55:27 +0200] "GET / HTTP/1.1" 304 0 "http://localhost:8000/" "Mozilla/5.0 (Windows NT 10.0; Win64; x64) AppleWebKit/537.36 (KHTML, like Gecko) Chrome/99.0.4844.84 Safari/537.36 OPR/85.0.4341.75"
::1 - - [26/Apr/2022:16:55:27 +0200] "GET /build/bundle.css HTTP/1.1" 200 4935 "http://localhost:8000/" "Mozilla/5.0 (Windows NT 10.0; Win64; x64) AppleWebKit/537.36 (KHTML, like Gecko) Chrome/99.0.4844.84 Safari/537.36 OPR/85.0.4341.75"
::1 - - [26/Apr/2022:16:55:27 +0200] "GET /build/bundle.js HTTP/1.1" 200 291778 "http://localhost:8000/" "Mozilla/5.0 (Windows NT 10.0; Win64; x64) AppleWebKit/537.36 (KHTML, like Gecko) Chrome/99.0.4844.84 Safari/537.36 OPR/85.0.4341.75"
::1 - - [26/Apr/2022:16:55:37 +0200] "GET /build/bundle.css?livereload=1650984937508 HTTP/1.1" 200 4867 "http://localhost:8000/" "Mozilla/5.0 (Windows NT 10.0; Win64; x64) AppleWebKit/537.36 (KHTML, like Gecko) Chrome/99.0.4844.84 Safari/537.36 OPR/85.0.4341.75"
::1 - - [26/Apr/2022:16:55:37 +0200] "GET / HTTP/1.1" 304 0 "http://localhost:8000/" "Mozilla/5.0 (Windows NT 10.0; Win64; x64) AppleWebKit/537.36 (KHTML, like Gecko) Chrome/99.0.4844.84 Safari/537.36 OPR/85.0.4341.75"
::1 - - [26/Apr/2022:16:55:37 +0200] "GET /build/bundle.css HTTP/1.1" 200 4867 "http://localhost:8000/" "Mozilla/5.0 (Windows NT 10.0; Win64; x64) AppleWebKit/537.36 (KHTML, like Gecko) Chrome/99.0.4844.84 Safari/537.36 OPR/85.0.4341.75"
::1 - - [26/Apr/2022:16:55:37 +0200] "GET /build/bundle.js HTTP/1.1" 200 291776 "http://localhost:8000/" "Mozilla/5.0 (Windows NT 10.0; Win64; x64) AppleWebKit/537.36 (KHTML, like Gecko) Chrome/99.0.4844.84 Safari/537.36 OPR/85.0.4341.75"
::1 - - [26/Apr/2022:16:55:46 +0200] "GET /build/bundle.css HTTP/1.1" 304 0 "http://localhost:8000/" "Mozilla/5.0 (Windows NT 10.0; Win64; x64) AppleWebKit/537.36 (KHTML, like Gecko) Chrome/99.0.4844.84 Safari/537.36 OPR/85.0.4341.75"
::1 - - [26/Apr/2022:16:55:46 +0200] "GET /build/bundle.js.map HTTP/1.1" 200 402878 "-" "Mozilla/5.0 (Windows NT 10.0; Win64; x64) AppleWebKit/537.36 (KHTML, like Gecko) Chrome/99.0.4844.84 Safari/537.36 OPR/85.0.4341.75"
::1 - - [26/Apr/2022:16:57:33 +0200] "GET / HTTP/1.1" 304 0 "http://localhost:8000/" "Mozilla/5.0 (Windows NT 10.0; Win64; x64) AppleWebKit/537.36 (KHTML, like Gecko) Chrome/99.0.4844.84 Safari/537.36 OPR/85.0.4341.75"
::1 - - [26/Apr/2022:16:57:33 +0200] "GET /build/bundle.css HTTP/1.1" 304 0 "http://localhost:8000/" "Mozilla/5.0 (Windows NT 10.0; Win64; x64) AppleWebKit/537.36 (KHTML, like Gecko) Chrome/99.0.4844.84 Safari/537.36 OPR/85.0.4341.75"
::1 - - [26/Apr/2022:16:57:33 +0200] "GET /build/bundle.js HTTP/1.1" 200 291777 "http://localhost:8000/" "Mozilla/5.0 (Windows NT 10.0; Win64; x64) AppleWebKit/537.36 (KHTML, like Gecko) Chrome/99.0.4844.84 Safari/537.36 OPR/85.0.4341.75"
::1 - - [26/Apr/2022:16:57:50 +0200] "GET / HTTP/1.1" 304 0 "http://localhost:8000/" "Mozilla/5.0 (Windows NT 10.0; Win64; x64) AppleWebKit/537.36 (KHTML, like Gecko) Chrome/99.0.4844.84 Safari/537.36 OPR/85.0.4341.75"
::1 - - [26/Apr/2022:16:57:50 +0200] "GET /build/bundle.css HTTP/1.1" 304 0 "http://localhost:8000/" "Mozilla/5.0 (Windows NT 10.0; Win64; x64) AppleWebKit/537.36 (KHTML, like Gecko) Chrome/99.0.4844.84 Safari/537.36 OPR/85.0.4341.75"
::1 - - [26/Apr/2022:16:57:50 +0200] "GET /build/bundle.js HTTP/1.1" 200 291776 "http://localhost:8000/" "Mozilla/5.0 (Windows NT 10.0; Win64; x64) AppleWebKit/537.36 (KHTML, like Gecko) Chrome/99.0.4844.84 Safari/537.36 OPR/85.0.4341.75"
::1 - - [26/Apr/2022:16:57:54 +0200] "GET /build/bundle.js.map HTTP/1.1" 200 402878 "-" "Mozilla/5.0 (Windows NT 10.0; Win64; x64) AppleWebKit/537.36 (KHTML, like Gecko) Chrome/99.0.4844.84 Safari/537.36 OPR/85.0.4341.75"
::1 - - [26/Apr/2022:16:59:39 +0200] "GET / HTTP/1.1" 304 0 "http://localhost:8000/" "Mozilla/5.0 (Linux; Android 10; SM-G981B) AppleWebKit/537.36 (KHTML, like Gecko) Chrome/80.0.3987.162 Mobile Safari/537.36"
::1 - - [26/Apr/2022:16:59:39 +0200] "GET /build/bundle.css HTTP/1.1" 304 0 "http://localhost:8000/" "Mozilla/5.0 (Linux; Android 10; SM-G981B) AppleWebKit/537.36 (KHTML, like Gecko) Chrome/80.0.3987.162 Mobile Safari/537.36"
::1 - - [26/Apr/2022:16:59:39 +0200] "GET /build/bundle.js HTTP/1.1" 200 291776 "http://localhost:8000/" "Mozilla/5.0 (Linux; Android 10; SM-G981B) AppleWebKit/537.36 (KHTML, like Gecko) Chrome/80.0.3987.162 Mobile Safari/537.36"
::1 - - [26/Apr/2022:16:59:39 +0200] "GET /build/bundle.js.map HTTP/1.1" 200 402886 "-" "Mozilla/5.0 (Windows NT 10.0; Win64; x64) AppleWebKit/537.36 (KHTML, like Gecko) Chrome/99.0.4844.84 Safari/537.36 OPR/85.0.4341.75"
::1 - - [26/Apr/2022:17:00:13 +0200] "GET / HTTP/1.1" 304 0 "http://localhost:8000/" "Mozilla/5.0 (Linux; Android 10; SM-G981B) AppleWebKit/537.36 (KHTML, like Gecko) Chrome/80.0.3987.162 Mobile Safari/537.36"
::1 - - [26/Apr/2022:17:00:13 +0200] "GET /build/bundle.css HTTP/1.1" 304 0 "http://localhost:8000/" "Mozilla/5.0 (Linux; Android 10; SM-G981B) AppleWebKit/537.36 (KHTML, like Gecko) Chrome/80.0.3987.162 Mobile Safari/537.36"
::1 - - [26/Apr/2022:17:00:13 +0200] "GET /build/bundle.js HTTP/1.1" 200 291776 "http://localhost:8000/" "Mozilla/5.0 (Linux; Android 10; SM-G981B) AppleWebKit/537.36 (KHTML, like Gecko) Chrome/80.0.3987.162 Mobile Safari/537.36"
::1 - - [26/Apr/2022:17:00:13 +0200] "GET /build/bundle.js.map HTTP/1.1" 200 402844 "-" "Mozilla/5.0 (Windows NT 10.0; Win64; x64) AppleWebKit/537.36 (KHTML, like Gecko) Chrome/99.0.4844.84 Safari/537.36 OPR/85.0.4341.75"
::1 - - [26/Apr/2022:17:01:57 +0200] "GET / HTTP/1.1" 304 0 "http://localhost:8000/" "Mozilla/5.0 (Linux; Android 10; SM-G981B) AppleWebKit/537.36 (KHTML, like Gecko) Chrome/80.0.3987.162 Mobile Safari/537.36"
::1 - - [26/Apr/2022:17:01:57 +0200] "GET /build/bundle.css HTTP/1.1" 304 0 "http://localhost:8000/" "Mozilla/5.0 (Linux; Android 10; SM-G981B) AppleWebKit/537.36 (KHTML, like Gecko) Chrome/80.0.3987.162 Mobile Safari/537.36"
::1 - - [26/Apr/2022:17:01:57 +0200] "GET /build/bundle.js HTTP/1.1" 200 291743 "http://localhost:8000/" "Mozilla/5.0 (Linux; Android 10; SM-G981B) AppleWebKit/537.36 (KHTML, like Gecko) Chrome/80.0.3987.162 Mobile Safari/537.36"
::1 - - [26/Apr/2022:17:01:57 +0200] "GET /build/bundle.js.map HTTP/1.1" 200 402764 "-" "Mozilla/5.0 (Windows NT 10.0; Win64; x64) AppleWebKit/537.36 (KHTML, like Gecko) Chrome/99.0.4844.84 Safari/537.36 OPR/85.0.4341.75"
::1 - - [26/Apr/2022:17:02:09 +0200] "GET / HTTP/1.1" 304 0 "http://localhost:8000/" "Mozilla/5.0 (Linux; Android 10; SM-G981B) AppleWebKit/537.36 (KHTML, like Gecko) Chrome/80.0.3987.162 Mobile Safari/537.36"
::1 - - [26/Apr/2022:17:02:09 +0200] "GET /build/bundle.js HTTP/1.1" 200 291786 "http://localhost:8000/" "Mozilla/5.0 (Linux; Android 10; SM-G981B) AppleWebKit/537.36 (KHTML, like Gecko) Chrome/80.0.3987.162 Mobile Safari/537.36"
::1 - - [26/Apr/2022:17:02:09 +0200] "GET /build/bundle.js.map HTTP/1.1" 200 402861 "-" "Mozilla/5.0 (Windows NT 10.0; Win64; x64) AppleWebKit/537.36 (KHTML, like Gecko) Chrome/99.0.4844.84 Safari/537.36 OPR/85.0.4341.75"
::1 - - [26/Apr/2022:17:04:49 +0200] "GET /build/bundle.css?livereload=1650985489521 HTTP/1.1" 200 4867 "http://localhost:8000/" "Mozilla/5.0 (Linux; Android 10; SM-G981B) AppleWebKit/537.36 (KHTML, like Gecko) Chrome/80.0.3987.162 Mobile Safari/537.36"
::1 - - [26/Apr/2022:17:04:49 +0200] "GET / HTTP/1.1" 304 0 "http://localhost:8000/" "Mozilla/5.0 (Linux; Android 10; SM-G981B) AppleWebKit/537.36 (KHTML, like Gecko) Chrome/80.0.3987.162 Mobile Safari/537.36"
::1 - - [26/Apr/2022:17:04:49 +0200] "GET /build/bundle.css HTTP/1.1" 200 4867 "http://localhost:8000/" "Mozilla/5.0 (Linux; Android 10; SM-G981B) AppleWebKit/537.36 (KHTML, like Gecko) Chrome/80.0.3987.162 Mobile Safari/537.36"
::1 - - [26/Apr/2022:17:04:49 +0200] "GET /build/bundle.js HTTP/1.1" 200 291786 "http://localhost:8000/" "Mozilla/5.0 (Linux; Android 10; SM-G981B) AppleWebKit/537.36 (KHTML, like Gecko) Chrome/80.0.3987.162 Mobile Safari/537.36"
::1 - - [26/Apr/2022:17:04:49 +0200] "GET /build/bundle.js.map HTTP/1.1" 200 402861 "-" "Mozilla/5.0 (Windows NT 10.0; Win64; x64) AppleWebKit/537.36 (KHTML, like Gecko) Chrome/99.0.4844.84 Safari/537.36 OPR/85.0.4341.75"
::1 - - [26/Apr/2022:17:05:03 +0200] "GET /build/bundle.css?livereload=1650985503805 HTTP/1.1" 200 4867 "http://localhost:8000/" "Mozilla/5.0 (Linux; Android 10; SM-G981B) AppleWebKit/537.36 (KHTML, like Gecko) Chrome/80.0.3987.162 Mobile Safari/537.36"
::1 - - [26/Apr/2022:17:05:03 +0200] "GET / HTTP/1.1" 304 0 "http://localhost:8000/" "Mozilla/5.0 (Linux; Android 10; SM-G981B) AppleWebKit/537.36 (KHTML, like Gecko) Chrome/80.0.3987.162 Mobile Safari/537.36"
::1 - - [26/Apr/2022:17:05:03 +0200] "GET /build/bundle.css HTTP/1.1" 200 4867 "http://localhost:8000/" "Mozilla/5.0 (Linux; Android 10; SM-G981B) AppleWebKit/537.36 (KHTML, like Gecko) Chrome/80.0.3987.162 Mobile Safari/537.36"
::1 - - [26/Apr/2022:17:05:03 +0200] "GET /build/bundle.js HTTP/1.1" 200 291786 "http://localhost:8000/" "Mozilla/5.0 (Linux; Android 10; SM-G981B) AppleWebKit/537.36 (KHTML, like Gecko) Chrome/80.0.3987.162 Mobile Safari/537.36"
::1 - - [26/Apr/2022:17:05:03 +0200] "GET /build/bundle.js.map HTTP/1.1" 200 402861 "-" "Mozilla/5.0 (Windows NT 10.0; Win64; x64) AppleWebKit/537.36 (KHTML, like Gecko) Chrome/99.0.4844.84 Safari/537.36 OPR/85.0.4341.75"
::1 - - [26/Apr/2022:17:05:54 +0200] "GET / HTTP/1.1" 304 0 "http://localhost:8000/" "Mozilla/5.0 (Linux; Android 10; SM-G981B) AppleWebKit/537.36 (KHTML, like Gecko) Chrome/80.0.3987.162 Mobile Safari/537.36"
::1 - - [26/Apr/2022:17:05:54 +0200] "GET /build/bundle.css HTTP/1.1" 304 0 "http://localhost:8000/" "Mozilla/5.0 (Linux; Android 10; SM-G981B) AppleWebKit/537.36 (KHTML, like Gecko) Chrome/80.0.3987.162 Mobile Safari/537.36"
::1 - - [26/Apr/2022:17:05:54 +0200] "GET /build/bundle.js HTTP/1.1" 200 291782 "http://localhost:8000/" "Mozilla/5.0 (Linux; Android 10; SM-G981B) AppleWebKit/537.36 (KHTML, like Gecko) Chrome/80.0.3987.162 Mobile Safari/537.36"
::1 - - [26/Apr/2022:17:05:54 +0200] "GET /build/bundle.js.map HTTP/1.1" 200 402763 "-" "Mozilla/5.0 (Windows NT 10.0; Win64; x64) AppleWebKit/537.36 (KHTML, like Gecko) Chrome/99.0.4844.84 Safari/537.36 OPR/85.0.4341.75"
::1 - - [26/Apr/2022:17:06:03 +0200] "GET / HTTP/1.1" 304 0 "http://localhost:8000/" "Mozilla/5.0 (Linux; Android 10; SM-G981B) AppleWebKit/537.36 (KHTML, like Gecko) Chrome/80.0.3987.162 Mobile Safari/537.36"
::1 - - [26/Apr/2022:17:06:03 +0200] "GET /build/bundle.css HTTP/1.1" 304 0 "http://localhost:8000/" "Mozilla/5.0 (Linux; Android 10; SM-G981B) AppleWebKit/537.36 (KHTML, like Gecko) Chrome/80.0.3987.162 Mobile Safari/537.36"
::1 - - [26/Apr/2022:17:06:03 +0200] "GET /build/bundle.js HTTP/1.1" 200 291786 "http://localhost:8000/" "Mozilla/5.0 (Linux; Android 10; SM-G981B) AppleWebKit/537.36 (KHTML, like Gecko) Chrome/80.0.3987.162 Mobile Safari/537.36"
::1 - - [26/Apr/2022:17:06:03 +0200] "GET /build/bundle.js.map HTTP/1.1" 200 402861 "-" "Mozilla/5.0 (Windows NT 10.0; Win64; x64) AppleWebKit/537.36 (KHTML, like Gecko) Chrome/99.0.4844.84 Safari/537.36 OPR/85.0.4341.75"
::1 - - [26/Apr/2022:17:06:08 +0200] "GET / HTTP/1.1" 304 0 "http://localhost:8000/" "Mozilla/5.0 (Linux; Android 10; SM-G981B) AppleWebKit/537.36 (KHTML, like Gecko) Chrome/80.0.3987.162 Mobile Safari/537.36"
::1 - - [26/Apr/2022:17:06:09 +0200] "GET /build/bundle.css HTTP/1.1" 304 0 "http://localhost:8000/" "Mozilla/5.0 (Linux; Android 10; SM-G981B) AppleWebKit/537.36 (KHTML, like Gecko) Chrome/80.0.3987.162 Mobile Safari/537.36"
::1 - - [26/Apr/2022:17:06:09 +0200] "GET /build/bundle.js HTTP/1.1" 200 291786 "http://localhost:8000/" "Mozilla/5.0 (Linux; Android 10; SM-G981B) AppleWebKit/537.36 (KHTML, like Gecko) Chrome/80.0.3987.162 Mobile Safari/537.36"
::1 - - [26/Apr/2022:17:06:09 +0200] "GET /build/bundle.js.map HTTP/1.1" 200 402863 "-" "Mozilla/5.0 (Windows NT 10.0; Win64; x64) AppleWebKit/537.36 (KHTML, like Gecko) Chrome/99.0.4844.84 Safari/537.36 OPR/85.0.4341.75"
::1 - - [26/Apr/2022:17:07:44 +0200] "GET / HTTP/1.1" 304 0 "http://localhost:8000/" "Mozilla/5.0 (Linux; Android 10; SM-G981B) AppleWebKit/537.36 (KHTML, like Gecko) Chrome/80.0.3987.162 Mobile Safari/537.36"
::1 - - [26/Apr/2022:17:07:44 +0200] "GET /build/bundle.css HTTP/1.1" 304 0 "http://localhost:8000/" "Mozilla/5.0 (Linux; Android 10; SM-G981B) AppleWebKit/537.36 (KHTML, like Gecko) Chrome/80.0.3987.162 Mobile Safari/537.36"
::1 - - [26/Apr/2022:17:07:44 +0200] "GET /build/bundle.js HTTP/1.1" 200 291782 "http://localhost:8000/" "Mozilla/5.0 (Linux; Android 10; SM-G981B) AppleWebKit/537.36 (KHTML, like Gecko) Chrome/80.0.3987.162 Mobile Safari/537.36"
::1 - - [26/Apr/2022:17:07:44 +0200] "GET /build/bundle.js.map HTTP/1.1" 200 402765 "-" "Mozilla/5.0 (Windows NT 10.0; Win64; x64) AppleWebKit/537.36 (KHTML, like Gecko) Chrome/99.0.4844.84 Safari/537.36 OPR/85.0.4341.75"
::1 - - [26/Apr/2022:17:07:49 +0200] "GET / HTTP/1.1" 304 0 "http://localhost:8000/" "Mozilla/5.0 (Linux; Android 10; SM-G981B) AppleWebKit/537.36 (KHTML, like Gecko) Chrome/80.0.3987.162 Mobile Safari/537.36"
::1 - - [26/Apr/2022:17:07:49 +0200] "GET /build/bundle.js HTTP/1.1" 200 291786 "http://localhost:8000/" "Mozilla/5.0 (Linux; Android 10; SM-G981B) AppleWebKit/537.36 (KHTML, like Gecko) Chrome/80.0.3987.162 Mobile Safari/537.36"
::1 - - [26/Apr/2022:17:07:49 +0200] "GET /build/bundle.js.map HTTP/1.1" 200 402863 "-" "Mozilla/5.0 (Windows NT 10.0; Win64; x64) AppleWebKit/537.36 (KHTML, like Gecko) Chrome/99.0.4844.84 Safari/537.36 OPR/85.0.4341.75"
::1 - - [26/Apr/2022:17:08:05 +0200] "GET / HTTP/1.1" 304 0 "http://localhost:8000/" "Mozilla/5.0 (Linux; Android 10; SM-G981B) AppleWebKit/537.36 (KHTML, like Gecko) Chrome/80.0.3987.162 Mobile Safari/537.36"
::1 - - [26/Apr/2022:17:08:05 +0200] "GET /build/bundle.css HTTP/1.1" 304 0 "http://localhost:8000/" "Mozilla/5.0 (Linux; Android 10; SM-G981B) AppleWebKit/537.36 (KHTML, like Gecko) Chrome/80.0.3987.162 Mobile Safari/537.36"
::1 - - [26/Apr/2022:17:08:05 +0200] "GET /build/bundle.js HTTP/1.1" 200 291786 "http://localhost:8000/" "Mozilla/5.0 (Linux; Android 10; SM-G981B) AppleWebKit/537.36 (KHTML, like Gecko) Chrome/80.0.3987.162 Mobile Safari/537.36"
::1 - - [26/Apr/2022:17:08:05 +0200] "GET /build/bundle.js.map HTTP/1.1" 200 402867 "-" "Mozilla/5.0 (Windows NT 10.0; Win64; x64) AppleWebKit/537.36 (KHTML, like Gecko) Chrome/99.0.4844.84 Safari/537.36 OPR/85.0.4341.75"
::1 - - [26/Apr/2022:17:12:31 +0200] "GET / HTTP/1.1" 304 0 "http://localhost:8000/" "Mozilla/5.0 (Linux; Android 6.0; Nexus 5 Build/MRA58N) AppleWebKit/537.36 (KHTML, like Gecko) Chrome/99.0.4844.84 Mobile Safari/537.36"
::1 - - [26/Apr/2022:17:12:31 +0200] "GET /build/bundle.css HTTP/1.1" 304 0 "http://localhost:8000/" "Mozilla/5.0 (Linux; Android 6.0; Nexus 5 Build/MRA58N) AppleWebKit/537.36 (KHTML, like Gecko) Chrome/99.0.4844.84 Mobile Safari/537.36"
::1 - - [26/Apr/2022:17:12:31 +0200] "GET /build/bundle.js HTTP/1.1" 200 291786 "http://localhost:8000/" "Mozilla/5.0 (Linux; Android 6.0; Nexus 5 Build/MRA58N) AppleWebKit/537.36 (KHTML, like Gecko) Chrome/99.0.4844.84 Mobile Safari/537.36"
::1 - - [26/Apr/2022:17:12:32 +0200] "GET /build/bundle.js.map HTTP/1.1" 200 402867 "-" "Mozilla/5.0 (Windows NT 10.0; Win64; x64) AppleWebKit/537.36 (KHTML, like Gecko) Chrome/99.0.4844.84 Safari/537.36 OPR/85.0.4341.75"
::1 - - [26/Apr/2022:17:26:20 +0200] "GET / HTTP/1.1" 304 0 "http://localhost:8000/" "Mozilla/5.0 (Linux; Android 6.0; Nexus 5 Build/MRA58N) AppleWebKit/537.36 (KHTML, like Gecko) Chrome/99.0.4844.84 Mobile Safari/537.36"
::1 - - [26/Apr/2022:17:26:20 +0200] "GET /build/bundle.css HTTP/1.1" 304 0 "http://localhost:8000/" "Mozilla/5.0 (Linux; Android 6.0; Nexus 5 Build/MRA58N) AppleWebKit/537.36 (KHTML, like Gecko) Chrome/99.0.4844.84 Mobile Safari/537.36"
::1 - - [26/Apr/2022:17:26:20 +0200] "GET /build/bundle.js HTTP/1.1" 200 291786 "http://localhost:8000/" "Mozilla/5.0 (Linux; Android 6.0; Nexus 5 Build/MRA58N) AppleWebKit/537.36 (KHTML, like Gecko) Chrome/99.0.4844.84 Mobile Safari/537.36"
::1 - - [26/Apr/2022:17:26:20 +0200] "GET /build/bundle.js.map HTTP/1.1" 200 402867 "-" "Mozilla/5.0 (Windows NT 10.0; Win64; x64) AppleWebKit/537.36 (KHTML, like Gecko) Chrome/99.0.4844.84 Safari/537.36 OPR/85.0.4341.75"
::1 - - [26/Apr/2022:17:26:35 +0200] "GET / HTTP/1.1" 304 0 "http://localhost:8000/" "Mozilla/5.0 (Linux; Android 6.0; Nexus 5 Build/MRA58N) AppleWebKit/537.36 (KHTML, like Gecko) Chrome/99.0.4844.84 Mobile Safari/537.36"
::1 - - [26/Apr/2022:17:26:35 +0200] "GET /build/bundle.js HTTP/1.1" 200 291786 "http://localhost:8000/" "Mozilla/5.0 (Linux; Android 6.0; Nexus 5 Build/MRA58N) AppleWebKit/537.36 (KHTML, like Gecko) Chrome/99.0.4844.84 Mobile Safari/537.36"
::1 - - [26/Apr/2022:17:26:35 +0200] "GET /build/bundle.js.map HTTP/1.1" 200 402863 "-" "Mozilla/5.0 (Windows NT 10.0; Win64; x64) AppleWebKit/537.36 (KHTML, like Gecko) Chrome/99.0.4844.84 Safari/537.36 OPR/85.0.4341.75"
::1 - - [26/Apr/2022:17:28:36 +0200] "GET / HTTP/1.1" 304 0 "http://localhost:8000/" "Mozilla/5.0 (Linux; Android 6.0; Nexus 5 Build/MRA58N) AppleWebKit/537.36 (KHTML, like Gecko) Chrome/99.0.4844.84 Mobile Safari/537.36"
::1 - - [26/Apr/2022:17:28:36 +0200] "GET /build/bundle.css HTTP/1.1" 304 0 "http://localhost:8000/" "Mozilla/5.0 (Linux; Android 6.0; Nexus 5 Build/MRA58N) AppleWebKit/537.36 (KHTML, like Gecko) Chrome/99.0.4844.84 Mobile Safari/537.36"
::1 - - [26/Apr/2022:17:28:37 +0200] "GET /build/bundle.js HTTP/1.1" 200 291786 "http://localhost:8000/" "Mozilla/5.0 (Linux; Android 6.0; Nexus 5 Build/MRA58N) AppleWebKit/537.36 (KHTML, like Gecko) Chrome/99.0.4844.84 Mobile Safari/537.36"
::1 - - [26/Apr/2022:17:28:37 +0200] "GET /build/bundle.js.map HTTP/1.1" 200 402871 "-" "Mozilla/5.0 (Windows NT 10.0; Win64; x64) AppleWebKit/537.36 (KHTML, like Gecko) Chrome/99.0.4844.84 Safari/537.36 OPR/85.0.4341.75"
::1 - - [26/Apr/2022:17:29:11 +0200] "GET / HTTP/1.1" 304 0 "http://localhost:8000/" "Mozilla/5.0 (Linux; Android 6.0; Nexus 5 Build/MRA58N) AppleWebKit/537.36 (KHTML, like Gecko) Chrome/99.0.4844.84 Mobile Safari/537.36"
::1 - - [26/Apr/2022:17:29:11 +0200] "GET /build/bundle.js HTTP/1.1" 200 291786 "http://localhost:8000/" "Mozilla/5.0 (Linux; Android 6.0; Nexus 5 Build/MRA58N) AppleWebKit/537.36 (KHTML, like Gecko) Chrome/99.0.4844.84 Mobile Safari/537.36"
::1 - - [26/Apr/2022:17:29:11 +0200] "GET /build/bundle.js.map HTTP/1.1" 200 402871 "-" "Mozilla/5.0 (Windows NT 10.0; Win64; x64) AppleWebKit/537.36 (KHTML, like Gecko) Chrome/99.0.4844.84 Safari/537.36 OPR/85.0.4341.75"
::1 - - [26/Apr/2022:17:29:29 +0200] "GET / HTTP/1.1" 304 0 "http://localhost:8000/" "Mozilla/5.0 (Linux; Android 6.0; Nexus 5 Build/MRA58N) AppleWebKit/537.36 (KHTML, like Gecko) Chrome/99.0.4844.84 Mobile Safari/537.36"
::1 - - [26/Apr/2022:17:29:29 +0200] "GET /build/bundle.js HTTP/1.1" 200 291786 "http://localhost:8000/" "Mozilla/5.0 (Linux; Android 6.0; Nexus 5 Build/MRA58N) AppleWebKit/537.36 (KHTML, like Gecko) Chrome/99.0.4844.84 Mobile Safari/537.36"
::1 - - [26/Apr/2022:17:29:29 +0200] "GET /build/bundle.js.map HTTP/1.1" 200 402871 "-" "Mozilla/5.0 (Windows NT 10.0; Win64; x64) AppleWebKit/537.36 (KHTML, like Gecko) Chrome/99.0.4844.84 Safari/537.36 OPR/85.0.4341.75"
::1 - - [26/Apr/2022:17:30:35 +0200] "GET / HTTP/1.1" 304 0 "http://localhost:8000/" "Mozilla/5.0 (Linux; Android 6.0; Nexus 5 Build/MRA58N) AppleWebKit/537.36 (KHTML, like Gecko) Chrome/99.0.4844.84 Mobile Safari/537.36"
::1 - - [26/Apr/2022:17:30:35 +0200] "GET /build/bundle.js HTTP/1.1" 200 291786 "http://localhost:8000/" "Mozilla/5.0 (Linux; Android 6.0; Nexus 5 Build/MRA58N) AppleWebKit/537.36 (KHTML, like Gecko) Chrome/99.0.4844.84 Mobile Safari/537.36"
::1 - - [26/Apr/2022:17:30:35 +0200] "GET /build/bundle.js.map HTTP/1.1" 200 402871 "-" "Mozilla/5.0 (Windows NT 10.0; Win64; x64) AppleWebKit/537.36 (KHTML, like Gecko) Chrome/99.0.4844.84 Safari/537.36 OPR/85.0.4341.75"
::1 - - [26/Apr/2022:17:32:50 +0200] "GET / HTTP/1.1" 304 0 "http://localhost:8000/" "Mozilla/5.0 (Linux; Android 6.0; Nexus 5 Build/MRA58N) AppleWebKit/537.36 (KHTML, like Gecko) Chrome/99.0.4844.84 Mobile Safari/537.36"
::1 - - [26/Apr/2022:17:32:50 +0200] "GET /build/bundle.css HTTP/1.1" 304 0 "http://localhost:8000/" "Mozilla/5.0 (Linux; Android 6.0; Nexus 5 Build/MRA58N) AppleWebKit/537.36 (KHTML, like Gecko) Chrome/99.0.4844.84 Mobile Safari/537.36"
::1 - - [26/Apr/2022:17:32:50 +0200] "GET /build/bundle.js HTTP/1.1" 200 291786 "http://localhost:8000/" "Mozilla/5.0 (Linux; Android 6.0; Nexus 5 Build/MRA58N) AppleWebKit/537.36 (KHTML, like Gecko) Chrome/99.0.4844.84 Mobile Safari/537.36"
::1 - - [26/Apr/2022:17:32:50 +0200] "GET /build/bundle.js.map HTTP/1.1" 200 402870 "-" "Mozilla/5.0 (Windows NT 10.0; Win64; x64) AppleWebKit/537.36 (KHTML, like Gecko) Chrome/99.0.4844.84 Safari/537.36 OPR/85.0.4341.75"
::1 - - [26/Apr/2022:17:51:18 +0200] "GET / HTTP/1.1" 304 0 "http://localhost:8000/" "Mozilla/5.0 (Linux; Android 6.0; Nexus 5 Build/MRA58N) AppleWebKit/537.36 (KHTML, like Gecko) Chrome/99.0.4844.84 Mobile Safari/537.36"
::1 - - [26/Apr/2022:17:51:18 +0200] "GET /build/bundle.css HTTP/1.1" 304 0 "http://localhost:8000/" "Mozilla/5.0 (Linux; Android 6.0; Nexus 5 Build/MRA58N) AppleWebKit/537.36 (KHTML, like Gecko) Chrome/99.0.4844.84 Mobile Safari/537.36"
::1 - - [26/Apr/2022:17:51:18 +0200] "GET /build/bundle.js HTTP/1.1" 200 291786 "http://localhost:8000/" "Mozilla/5.0 (Linux; Android 6.0; Nexus 5 Build/MRA58N) AppleWebKit/537.36 (KHTML, like Gecko) Chrome/99.0.4844.84 Mobile Safari/537.36"
::1 - - [26/Apr/2022:17:51:18 +0200] "GET /build/bundle.js.map HTTP/1.1" 200 402883 "-" "Mozilla/5.0 (Windows NT 10.0; Win64; x64) AppleWebKit/537.36 (KHTML, like Gecko) Chrome/99.0.4844.84 Safari/537.36 OPR/85.0.4341.75"
::1 - - [26/Apr/2022:17:53:23 +0200] "GET / HTTP/1.1" 304 0 "http://localhost:8000/" "Mozilla/5.0 (Linux; Android 6.0; Nexus 5 Build/MRA58N) AppleWebKit/537.36 (KHTML, like Gecko) Chrome/99.0.4844.84 Mobile Safari/537.36"
::1 - - [26/Apr/2022:17:53:23 +0200] "GET /build/bundle.js HTTP/1.1" 200 291821 "http://localhost:8000/" "Mozilla/5.0 (Linux; Android 6.0; Nexus 5 Build/MRA58N) AppleWebKit/537.36 (KHTML, like Gecko) Chrome/99.0.4844.84 Mobile Safari/537.36"
::1 - - [26/Apr/2022:17:53:23 +0200] "GET /build/bundle.js.map HTTP/1.1" 200 402965 "-" "Mozilla/5.0 (Windows NT 10.0; Win64; x64) AppleWebKit/537.36 (KHTML, like Gecko) Chrome/99.0.4844.84 Safari/537.36 OPR/85.0.4341.75"
::1 - - [26/Apr/2022:17:54:14 +0200] "GET / HTTP/1.1" 304 0 "http://localhost:8000/" "Mozilla/5.0 (Linux; Android 6.0; Nexus 5 Build/MRA58N) AppleWebKit/537.36 (KHTML, like Gecko) Chrome/99.0.4844.84 Mobile Safari/537.36"
::1 - - [26/Apr/2022:17:54:14 +0200] "GET /build/bundle.js HTTP/1.1" 200 291821 "http://localhost:8000/" "Mozilla/5.0 (Linux; Android 6.0; Nexus 5 Build/MRA58N) AppleWebKit/537.36 (KHTML, like Gecko) Chrome/99.0.4844.84 Mobile Safari/537.36"
::1 - - [26/Apr/2022:17:54:14 +0200] "GET /build/bundle.js.map HTTP/1.1" 200 402965 "-" "Mozilla/5.0 (Windows NT 10.0; Win64; x64) AppleWebKit/537.36 (KHTML, like Gecko) Chrome/99.0.4844.84 Safari/537.36 OPR/85.0.4341.75"
::1 - - [26/Apr/2022:17:54:16 +0200] "GET / HTTP/1.1" 304 0 "http://localhost:8000/" "Mozilla/5.0 (Linux; Android 6.0; Nexus 5 Build/MRA58N) AppleWebKit/537.36 (KHTML, like Gecko) Chrome/99.0.4844.84 Mobile Safari/537.36"
::1 - - [26/Apr/2022:17:54:16 +0200] "GET /build/bundle.js HTTP/1.1" 200 291821 "http://localhost:8000/" "Mozilla/5.0 (Linux; Android 6.0; Nexus 5 Build/MRA58N) AppleWebKit/537.36 (KHTML, like Gecko) Chrome/99.0.4844.84 Mobile Safari/537.36"
::1 - - [26/Apr/2022:17:54:16 +0200] "GET /build/bundle.js.map HTTP/1.1" 200 402965 "-" "Mozilla/5.0 (Windows NT 10.0; Win64; x64) AppleWebKit/537.36 (KHTML, like Gecko) Chrome/99.0.4844.84 Safari/537.36 OPR/85.0.4341.75"
::1 - - [26/Apr/2022:17:55:15 +0200] "GET / HTTP/1.1" 304 0 "http://localhost:8000/" "Mozilla/5.0 (Linux; Android 6.0; Nexus 5 Build/MRA58N) AppleWebKit/537.36 (KHTML, like Gecko) Chrome/99.0.4844.84 Mobile Safari/537.36"
::1 - - [26/Apr/2022:17:55:15 +0200] "GET /build/bundle.js HTTP/1.1" 200 291815 "http://localhost:8000/" "Mozilla/5.0 (Linux; Android 6.0; Nexus 5 Build/MRA58N) AppleWebKit/537.36 (KHTML, like Gecko) Chrome/99.0.4844.84 Mobile Safari/537.36"
::1 - - [26/Apr/2022:17:55:15 +0200] "GET /build/bundle.js.map HTTP/1.1" 200 402978 "-" "Mozilla/5.0 (Windows NT 10.0; Win64; x64) AppleWebKit/537.36 (KHTML, like Gecko) Chrome/99.0.4844.84 Safari/537.36 OPR/85.0.4341.75"
::1 - - [26/Apr/2022:17:56:01 +0200] "GET / HTTP/1.1" 304 0 "http://localhost:8000/" "Mozilla/5.0 (Linux; Android 6.0; Nexus 5 Build/MRA58N) AppleWebKit/537.36 (KHTML, like Gecko) Chrome/99.0.4844.84 Mobile Safari/537.36"
::1 - - [26/Apr/2022:17:56:01 +0200] "GET /build/bundle.css HTTP/1.1" 304 0 "http://localhost:8000/" "Mozilla/5.0 (Linux; Android 6.0; Nexus 5 Build/MRA58N) AppleWebKit/537.36 (KHTML, like Gecko) Chrome/99.0.4844.84 Mobile Safari/537.36"
::1 - - [26/Apr/2022:17:56:01 +0200] "GET /build/bundle.js HTTP/1.1" 200 290345 "http://localhost:8000/" "Mozilla/5.0 (Linux; Android 6.0; Nexus 5 Build/MRA58N) AppleWebKit/537.36 (KHTML, like Gecko) Chrome/99.0.4844.84 Mobile Safari/537.36"
::1 - - [26/Apr/2022:17:56:02 +0200] "GET /build/bundle.js.map HTTP/1.1" 200 402412 "-" "Mozilla/5.0 (Windows NT 10.0; Win64; x64) AppleWebKit/537.36 (KHTML, like Gecko) Chrome/99.0.4844.84 Safari/537.36 OPR/85.0.4341.75"
::1 - - [26/Apr/2022:17:56:09 +0200] "GET / HTTP/1.1" 304 0 "http://localhost:8000/" "Mozilla/5.0 (Linux; Android 6.0; Nexus 5 Build/MRA58N) AppleWebKit/537.36 (KHTML, like Gecko) Chrome/99.0.4844.84 Mobile Safari/537.36"
::1 - - [26/Apr/2022:17:56:09 +0200] "GET /build/bundle.js HTTP/1.1" 200 291815 "http://localhost:8000/" "Mozilla/5.0 (Linux; Android 6.0; Nexus 5 Build/MRA58N) AppleWebKit/537.36 (KHTML, like Gecko) Chrome/99.0.4844.84 Mobile Safari/537.36"
::1 - - [26/Apr/2022:17:56:09 +0200] "GET /build/bundle.js.map HTTP/1.1" 200 402978 "-" "Mozilla/5.0 (Windows NT 10.0; Win64; x64) AppleWebKit/537.36 (KHTML, like Gecko) Chrome/99.0.4844.84 Safari/537.36 OPR/85.0.4341.75"
::1 - - [26/Apr/2022:17:56:37 +0200] "GET / HTTP/1.1" 304 0 "http://localhost:8000/" "Mozilla/5.0 (Linux; Android 6.0; Nexus 5 Build/MRA58N) AppleWebKit/537.36 (KHTML, like Gecko) Chrome/99.0.4844.84 Mobile Safari/537.36"
::1 - - [26/Apr/2022:17:56:37 +0200] "GET /build/bundle.js HTTP/1.1" 200 284709 "http://localhost:8000/" "Mozilla/5.0 (Linux; Android 6.0; Nexus 5 Build/MRA58N) AppleWebKit/537.36 (KHTML, like Gecko) Chrome/99.0.4844.84 Mobile Safari/537.36"
::1 - - [26/Apr/2022:17:56:37 +0200] "GET /build/bundle.js.map HTTP/1.1" 200 399985 "-" "Mozilla/5.0 (Windows NT 10.0; Win64; x64) AppleWebKit/537.36 (KHTML, like Gecko) Chrome/99.0.4844.84 Safari/537.36 OPR/85.0.4341.75"
::1 - - [26/Apr/2022:17:56:43 +0200] "GET / HTTP/1.1" 304 0 "http://localhost:8000/" "Mozilla/5.0 (Linux; Android 6.0; Nexus 5 Build/MRA58N) AppleWebKit/537.36 (KHTML, like Gecko) Chrome/99.0.4844.84 Mobile Safari/537.36"
::1 - - [26/Apr/2022:17:56:43 +0200] "GET /build/bundle.js HTTP/1.1" 200 284709 "http://localhost:8000/" "Mozilla/5.0 (Linux; Android 6.0; Nexus 5 Build/MRA58N) AppleWebKit/537.36 (KHTML, like Gecko) Chrome/99.0.4844.84 Mobile Safari/537.36"
::1 - - [26/Apr/2022:17:56:43 +0200] "GET /build/bundle.js.map HTTP/1.1" 200 399985 "-" "Mozilla/5.0 (Windows NT 10.0; Win64; x64) AppleWebKit/537.36 (KHTML, like Gecko) Chrome/99.0.4844.84 Safari/537.36 OPR/85.0.4341.75"
::1 - - [26/Apr/2022:17:58:41 +0200] "GET / HTTP/1.1" 304 0 "http://localhost:8000/" "Mozilla/5.0 (Linux; Android 6.0; Nexus 5 Build/MRA58N) AppleWebKit/537.36 (KHTML, like Gecko) Chrome/99.0.4844.84 Mobile Safari/537.36"
::1 - - [26/Apr/2022:17:58:41 +0200] "GET /build/bundle.js HTTP/1.1" 200 284709 "http://localhost:8000/" "Mozilla/5.0 (Linux; Android 6.0; Nexus 5 Build/MRA58N) AppleWebKit/537.36 (KHTML, like Gecko) Chrome/99.0.4844.84 Mobile Safari/537.36"
::1 - - [26/Apr/2022:17:58:41 +0200] "GET /build/bundle.js.map HTTP/1.1" 200 400057 "-" "Mozilla/5.0 (Windows NT 10.0; Win64; x64) AppleWebKit/537.36 (KHTML, like Gecko) Chrome/99.0.4844.84 Safari/537.36 OPR/85.0.4341.75"
::1 - - [26/Apr/2022:17:59:09 +0200] "GET / HTTP/1.1" 304 0 "http://localhost:8000/" "Mozilla/5.0 (Linux; Android 6.0; Nexus 5 Build/MRA58N) AppleWebKit/537.36 (KHTML, like Gecko) Chrome/99.0.4844.84 Mobile Safari/537.36"
::1 - - [26/Apr/2022:17:59:09 +0200] "GET /build/bundle.js HTTP/1.1" 200 284730 "http://localhost:8000/" "Mozilla/5.0 (Linux; Android 6.0; Nexus 5 Build/MRA58N) AppleWebKit/537.36 (KHTML, like Gecko) Chrome/99.0.4844.84 Mobile Safari/537.36"
::1 - - [26/Apr/2022:17:59:09 +0200] "GET /build/bundle.js.map HTTP/1.1" 200 400120 "-" "Mozilla/5.0 (Windows NT 10.0; Win64; x64) AppleWebKit/537.36 (KHTML, like Gecko) Chrome/99.0.4844.84 Safari/537.36 OPR/85.0.4341.75"
::1 - - [26/Apr/2022:17:59:26 +0200] "GET / HTTP/1.1" 304 0 "http://localhost:8000/" "Mozilla/5.0 (Linux; Android 6.0; Nexus 5 Build/MRA58N) AppleWebKit/537.36 (KHTML, like Gecko) Chrome/99.0.4844.84 Mobile Safari/537.36"
::1 - - [26/Apr/2022:17:59:26 +0200] "GET /build/bundle.js HTTP/1.1" 200 284370 "http://localhost:8000/" "Mozilla/5.0 (Linux; Android 6.0; Nexus 5 Build/MRA58N) AppleWebKit/537.36 (KHTML, like Gecko) Chrome/99.0.4844.84 Mobile Safari/537.36"
::1 - - [26/Apr/2022:17:59:26 +0200] "GET /build/bundle.js.map HTTP/1.1" 200 400044 "-" "Mozilla/5.0 (Windows NT 10.0; Win64; x64) AppleWebKit/537.36 (KHTML, like Gecko) Chrome/99.0.4844.84 Safari/537.36 OPR/85.0.4341.75"
::1 - - [26/Apr/2022:17:59:46 +0200] "GET / HTTP/1.1" 304 0 "http://localhost:8000/" "Mozilla/5.0 (Linux; Android 6.0; Nexus 5 Build/MRA58N) AppleWebKit/537.36 (KHTML, like Gecko) Chrome/99.0.4844.84 Mobile Safari/537.36"
::1 - - [26/Apr/2022:17:59:46 +0200] "GET /build/bundle.js HTTP/1.1" 200 284370 "http://localhost:8000/" "Mozilla/5.0 (Linux; Android 6.0; Nexus 5 Build/MRA58N) AppleWebKit/537.36 (KHTML, like Gecko) Chrome/99.0.4844.84 Mobile Safari/537.36"
::1 - - [26/Apr/2022:17:59:46 +0200] "GET /build/bundle.js.map HTTP/1.1" 200 400063 "-" "Mozilla/5.0 (Windows NT 10.0; Win64; x64) AppleWebKit/537.36 (KHTML, like Gecko) Chrome/99.0.4844.84 Safari/537.36 OPR/85.0.4341.75"
::1 - - [26/Apr/2022:17:59:48 +0200] "GET / HTTP/1.1" 304 0 "http://localhost:8000/" "Mozilla/5.0 (Linux; Android 6.0; Nexus 5 Build/MRA58N) AppleWebKit/537.36 (KHTML, like Gecko) Chrome/99.0.4844.84 Mobile Safari/537.36"
::1 - - [26/Apr/2022:17:59:48 +0200] "GET /build/bundle.js HTTP/1.1" 200 292365 "http://localhost:8000/" "Mozilla/5.0 (Linux; Android 6.0; Nexus 5 Build/MRA58N) AppleWebKit/537.36 (KHTML, like Gecko) Chrome/99.0.4844.84 Mobile Safari/537.36"
::1 - - [26/Apr/2022:17:59:48 +0200] "GET /build/bundle.js.map HTTP/1.1" 200 403220 "-" "Mozilla/5.0 (Windows NT 10.0; Win64; x64) AppleWebKit/537.36 (KHTML, like Gecko) Chrome/99.0.4844.84 Safari/537.36 OPR/85.0.4341.75"
::1 - - [26/Apr/2022:18:02:04 +0200] "GET / HTTP/1.1" 304 0 "http://localhost:8000/" "Mozilla/5.0 (Linux; Android 6.0; Nexus 5 Build/MRA58N) AppleWebKit/537.36 (KHTML, like Gecko) Chrome/99.0.4844.84 Mobile Safari/537.36"
::1 - - [26/Apr/2022:18:02:04 +0200] "GET /build/bundle.css HTTP/1.1" 304 0 "http://localhost:8000/" "Mozilla/5.0 (Linux; Android 6.0; Nexus 5 Build/MRA58N) AppleWebKit/537.36 (KHTML, like Gecko) Chrome/99.0.4844.84 Mobile Safari/537.36"
::1 - - [26/Apr/2022:18:02:04 +0200] "GET /build/bundle.js HTTP/1.1" 200 292365 "http://localhost:8000/" "Mozilla/5.0 (Linux; Android 6.0; Nexus 5 Build/MRA58N) AppleWebKit/537.36 (KHTML, like Gecko) Chrome/99.0.4844.84 Mobile Safari/537.36"
::1 - - [26/Apr/2022:18:02:05 +0200] "GET /build/bundle.js.map HTTP/1.1" 200 403216 "-" "Mozilla/5.0 (Windows NT 10.0; Win64; x64) AppleWebKit/537.36 (KHTML, like Gecko) Chrome/99.0.4844.84 Safari/537.36 OPR/85.0.4341.75"
::1 - - [26/Apr/2022:18:02:44 +0200] "GET /build/bundle.css?livereload=1650988964462 HTTP/1.1" 200 4929 "http://localhost:8000/" "Mozilla/5.0 (Linux; Android 6.0; Nexus 5 Build/MRA58N) AppleWebKit/537.36 (KHTML, like Gecko) Chrome/99.0.4844.84 Mobile Safari/537.36"
::1 - - [26/Apr/2022:18:02:44 +0200] "GET / HTTP/1.1" 304 0 "http://localhost:8000/" "Mozilla/5.0 (Linux; Android 6.0; Nexus 5 Build/MRA58N) AppleWebKit/537.36 (KHTML, like Gecko) Chrome/99.0.4844.84 Mobile Safari/537.36"
::1 - - [26/Apr/2022:18:02:44 +0200] "GET /build/bundle.js HTTP/1.1" 200 292484 "http://localhost:8000/" "Mozilla/5.0 (Linux; Android 6.0; Nexus 5 Build/MRA58N) AppleWebKit/537.36 (KHTML, like Gecko) Chrome/99.0.4844.84 Mobile Safari/537.36"
::1 - - [26/Apr/2022:18:02:44 +0200] "GET /build/bundle.js.map HTTP/1.1" 200 403403 "-" "Mozilla/5.0 (Windows NT 10.0; Win64; x64) AppleWebKit/537.36 (KHTML, like Gecko) Chrome/99.0.4844.84 Safari/537.36 OPR/85.0.4341.75"
::1 - - [26/Apr/2022:18:03:25 +0200] "GET / HTTP/1.1" 304 0 "http://localhost:8000/" "Mozilla/5.0 (Linux; Android 6.0; Nexus 5 Build/MRA58N) AppleWebKit/537.36 (KHTML, like Gecko) Chrome/99.0.4844.84 Mobile Safari/537.36"
::1 - - [26/Apr/2022:18:03:25 +0200] "GET /build/bundle.js HTTP/1.1" 200 292484 "http://localhost:8000/" "Mozilla/5.0 (Linux; Android 6.0; Nexus 5 Build/MRA58N) AppleWebKit/537.36 (KHTML, like Gecko) Chrome/99.0.4844.84 Mobile Safari/537.36"
::1 - - [26/Apr/2022:18:03:25 +0200] "GET /build/bundle.js.map HTTP/1.1" 200 403403 "-" "Mozilla/5.0 (Windows NT 10.0; Win64; x64) AppleWebKit/537.36 (KHTML, like Gecko) Chrome/99.0.4844.84 Safari/537.36 OPR/85.0.4341.75"
::1 - - [26/Apr/2022:18:04:07 +0200] "GET /build/bundle.css?livereload=1650989047741 HTTP/1.1" 200 4938 "http://localhost:8000/" "Mozilla/5.0 (Linux; Android 6.0; Nexus 5 Build/MRA58N) AppleWebKit/537.36 (KHTML, like Gecko) Chrome/99.0.4844.84 Mobile Safari/537.36"
::1 - - [26/Apr/2022:18:04:07 +0200] "GET / HTTP/1.1" 304 0 "http://localhost:8000/" "Mozilla/5.0 (Linux; Android 6.0; Nexus 5 Build/MRA58N) AppleWebKit/537.36 (KHTML, like Gecko) Chrome/99.0.4844.84 Mobile Safari/537.36"
::1 - - [26/Apr/2022:18:04:07 +0200] "GET /build/bundle.js HTTP/1.1" 200 292493 "http://localhost:8000/" "Mozilla/5.0 (Linux; Android 6.0; Nexus 5 Build/MRA58N) AppleWebKit/537.36 (KHTML, like Gecko) Chrome/99.0.4844.84 Mobile Safari/537.36"
::1 - - [26/Apr/2022:18:04:08 +0200] "GET /build/bundle.js.map HTTP/1.1" 200 403433 "-" "Mozilla/5.0 (Windows NT 10.0; Win64; x64) AppleWebKit/537.36 (KHTML, like Gecko) Chrome/99.0.4844.84 Safari/537.36 OPR/85.0.4341.75"
::1 - - [26/Apr/2022:18:05:45 +0200] "GET / HTTP/1.1" 304 0 "http://localhost:8000/" "Mozilla/5.0 (Linux; Android 6.0; Nexus 5 Build/MRA58N) AppleWebKit/537.36 (KHTML, like Gecko) Chrome/99.0.4844.84 Mobile Safari/537.36"
::1 - - [26/Apr/2022:18:05:45 +0200] "GET /build/bundle.js HTTP/1.1" 200 292493 "http://localhost:8000/" "Mozilla/5.0 (Linux; Android 6.0; Nexus 5 Build/MRA58N) AppleWebKit/537.36 (KHTML, like Gecko) Chrome/99.0.4844.84 Mobile Safari/537.36"
::1 - - [26/Apr/2022:18:05:45 +0200] "GET /build/bundle.js.map HTTP/1.1" 200 403433 "-" "Mozilla/5.0 (Windows NT 10.0; Win64; x64) AppleWebKit/537.36 (KHTML, like Gecko) Chrome/99.0.4844.84 Safari/537.36 OPR/85.0.4341.75"
::1 - - [26/Apr/2022:18:05:48 +0200] "GET / HTTP/1.1" 304 0 "http://localhost:8000/" "Mozilla/5.0 (Linux; Android 6.0; Nexus 5 Build/MRA58N) AppleWebKit/537.36 (KHTML, like Gecko) Chrome/99.0.4844.84 Mobile Safari/537.36"
::1 - - [26/Apr/2022:18:05:48 +0200] "GET /build/bundle.js HTTP/1.1" 200 292493 "http://localhost:8000/" "Mozilla/5.0 (Linux; Android 6.0; Nexus 5 Build/MRA58N) AppleWebKit/537.36 (KHTML, like Gecko) Chrome/99.0.4844.84 Mobile Safari/537.36"
::1 - - [26/Apr/2022:18:05:48 +0200] "GET /build/bundle.js.map HTTP/1.1" 200 403433 "-" "Mozilla/5.0 (Windows NT 10.0; Win64; x64) AppleWebKit/537.36 (KHTML, like Gecko) Chrome/99.0.4844.84 Safari/537.36 OPR/85.0.4341.75"
::1 - - [26/Apr/2022:18:06:04 +0200] "GET / HTTP/1.1" 304 0 "http://localhost:8000/" "Mozilla/5.0 (Linux; Android 6.0; Nexus 5 Build/MRA58N) AppleWebKit/537.36 (KHTML, like Gecko) Chrome/99.0.4844.84 Mobile Safari/537.36"
::1 - - [26/Apr/2022:18:06:04 +0200] "GET /build/bundle.js HTTP/1.1" 200 292493 "http://localhost:8000/" "Mozilla/5.0 (Linux; Android 6.0; Nexus 5 Build/MRA58N) AppleWebKit/537.36 (KHTML, like Gecko) Chrome/99.0.4844.84 Mobile Safari/537.36"
::1 - - [26/Apr/2022:18:06:05 +0200] "GET /build/bundle.js.map HTTP/1.1" 200 403429 "-" "Mozilla/5.0 (Windows NT 10.0; Win64; x64) AppleWebKit/537.36 (KHTML, like Gecko) Chrome/99.0.4844.84 Safari/537.36 OPR/85.0.4341.75"
::1 - - [26/Apr/2022:18:09:00 +0200] "GET / HTTP/1.1" 304 0 "http://localhost:8000/" "Mozilla/5.0 (Linux; Android 6.0; Nexus 5 Build/MRA58N) AppleWebKit/537.36 (KHTML, like Gecko) Chrome/99.0.4844.84 Mobile Safari/537.36"
::1 - - [26/Apr/2022:18:09:00 +0200] "GET /build/bundle.css HTTP/1.1" 200 4938 "http://localhost:8000/" "Mozilla/5.0 (Linux; Android 6.0; Nexus 5 Build/MRA58N) AppleWebKit/537.36 (KHTML, like Gecko) Chrome/99.0.4844.84 Mobile Safari/537.36"
::1 - - [26/Apr/2022:18:09:00 +0200] "GET /build/bundle.js HTTP/1.1" 200 292623 "http://localhost:8000/" "Mozilla/5.0 (Linux; Android 6.0; Nexus 5 Build/MRA58N) AppleWebKit/537.36 (KHTML, like Gecko) Chrome/99.0.4844.84 Mobile Safari/537.36"
::1 - - [26/Apr/2022:18:09:00 +0200] "GET /build/bundle.js.map HTTP/1.1" 200 403488 "-" "Mozilla/5.0 (Windows NT 10.0; Win64; x64) AppleWebKit/537.36 (KHTML, like Gecko) Chrome/99.0.4844.84 Safari/537.36 OPR/85.0.4341.75"
::1 - - [26/Apr/2022:18:09:19 +0200] "GET / HTTP/1.1" 304 0 "http://localhost:8000/" "Mozilla/5.0 (Linux; Android 6.0; Nexus 5 Build/MRA58N) AppleWebKit/537.36 (KHTML, like Gecko) Chrome/99.0.4844.84 Mobile Safari/537.36"
::1 - - [26/Apr/2022:18:09:19 +0200] "GET /build/bundle.js HTTP/1.1" 200 292493 "http://localhost:8000/" "Mozilla/5.0 (Linux; Android 6.0; Nexus 5 Build/MRA58N) AppleWebKit/537.36 (KHTML, like Gecko) Chrome/99.0.4844.84 Mobile Safari/537.36"
::1 - - [26/Apr/2022:18:09:19 +0200] "GET /build/bundle.js.map HTTP/1.1" 200 403429 "-" "Mozilla/5.0 (Windows NT 10.0; Win64; x64) AppleWebKit/537.36 (KHTML, like Gecko) Chrome/99.0.4844.84 Safari/537.36 OPR/85.0.4341.75"
::1 - - [26/Apr/2022:18:10:19 +0200] "GET / HTTP/1.1" 304 0 "http://localhost:8000/" "Mozilla/5.0 (Linux; Android 6.0; Nexus 5 Build/MRA58N) AppleWebKit/537.36 (KHTML, like Gecko) Chrome/99.0.4844.84 Mobile Safari/537.36"
::1 - - [26/Apr/2022:18:10:19 +0200] "GET /build/bundle.css HTTP/1.1" 304 0 "http://localhost:8000/" "Mozilla/5.0 (Linux; Android 6.0; Nexus 5 Build/MRA58N) AppleWebKit/537.36 (KHTML, like Gecko) Chrome/99.0.4844.84 Mobile Safari/537.36"
::1 - - [26/Apr/2022:18:10:19 +0200] "GET /build/bundle.js HTTP/1.1" 200 292493 "http://localhost:8000/" "Mozilla/5.0 (Linux; Android 6.0; Nexus 5 Build/MRA58N) AppleWebKit/537.36 (KHTML, like Gecko) Chrome/99.0.4844.84 Mobile Safari/537.36"
::1 - - [26/Apr/2022:18:10:19 +0200] "GET /build/bundle.js.map HTTP/1.1" 200 403429 "-" "Mozilla/5.0 (Windows NT 10.0; Win64; x64) AppleWebKit/537.36 (KHTML, like Gecko) Chrome/99.0.4844.84 Safari/537.36 OPR/85.0.4341.75"
::1 - - [26/Apr/2022:18:14:53 +0200] "GET / HTTP/1.1" 304 0 "http://localhost:8000/" "Mozilla/5.0 (Linux; Android 6.0; Nexus 5 Build/MRA58N) AppleWebKit/537.36 (KHTML, like Gecko) Chrome/99.0.4844.84 Mobile Safari/537.36"
::1 - - [26/Apr/2022:18:14:53 +0200] "GET /build/bundle.css HTTP/1.1" 304 0 "http://localhost:8000/" "Mozilla/5.0 (Linux; Android 6.0; Nexus 5 Build/MRA58N) AppleWebKit/537.36 (KHTML, like Gecko) Chrome/99.0.4844.84 Mobile Safari/537.36"
::1 - - [26/Apr/2022:18:14:53 +0200] "GET /build/bundle.js HTTP/1.1" 200 292493 "http://localhost:8000/" "Mozilla/5.0 (Linux; Android 6.0; Nexus 5 Build/MRA58N) AppleWebKit/537.36 (KHTML, like Gecko) Chrome/99.0.4844.84 Mobile Safari/537.36"
::1 - - [26/Apr/2022:18:14:53 +0200] "GET /build/bundle.js.map HTTP/1.1" 200 403548 "-" "Mozilla/5.0 (Windows NT 10.0; Win64; x64) AppleWebKit/537.36 (KHTML, like Gecko) Chrome/99.0.4844.84 Safari/537.36 OPR/85.0.4341.75"
::1 - - [26/Apr/2022:18:15:27 +0200] "GET / HTTP/1.1" 304 0 "http://localhost:8000/" "Mozilla/5.0 (Linux; Android 6.0; Nexus 5 Build/MRA58N) AppleWebKit/537.36 (KHTML, like Gecko) Chrome/99.0.4844.84 Mobile Safari/537.36"
::1 - - [26/Apr/2022:18:15:27 +0200] "GET /build/bundle.js HTTP/1.1" 200 292493 "http://localhost:8000/" "Mozilla/5.0 (Linux; Android 6.0; Nexus 5 Build/MRA58N) AppleWebKit/537.36 (KHTML, like Gecko) Chrome/99.0.4844.84 Mobile Safari/537.36"
::1 - - [26/Apr/2022:18:15:28 +0200] "GET /build/bundle.js.map HTTP/1.1" 200 403506 "-" "Mozilla/5.0 (Windows NT 10.0; Win64; x64) AppleWebKit/537.36 (KHTML, like Gecko) Chrome/99.0.4844.84 Safari/537.36 OPR/85.0.4341.75"
::1 - - [26/Apr/2022:18:15:35 +0200] "GET / HTTP/1.1" 304 0 "http://localhost:8000/" "Mozilla/5.0 (Linux; Android 6.0; Nexus 5 Build/MRA58N) AppleWebKit/537.36 (KHTML, like Gecko) Chrome/99.0.4844.84 Mobile Safari/537.36"
::1 - - [26/Apr/2022:18:15:35 +0200] "GET /build/bundle.js HTTP/1.1" 200 292493 "http://localhost:8000/" "Mozilla/5.0 (Linux; Android 6.0; Nexus 5 Build/MRA58N) AppleWebKit/537.36 (KHTML, like Gecko) Chrome/99.0.4844.84 Mobile Safari/537.36"
::1 - - [26/Apr/2022:18:15:35 +0200] "GET /build/bundle.js.map HTTP/1.1" 200 403506 "-" "Mozilla/5.0 (Windows NT 10.0; Win64; x64) AppleWebKit/537.36 (KHTML, like Gecko) Chrome/99.0.4844.84 Safari/537.36 OPR/85.0.4341.75"
::1 - - [26/Apr/2022:18:16:30 +0200] "GET / HTTP/1.1" 304 0 "http://localhost:8000/" "Mozilla/5.0 (Linux; Android 6.0; Nexus 5 Build/MRA58N) AppleWebKit/537.36 (KHTML, like Gecko) Chrome/99.0.4844.84 Mobile Safari/537.36"
::1 - - [26/Apr/2022:18:16:30 +0200] "GET /build/bundle.css HTTP/1.1" 304 0 "http://localhost:8000/" "Mozilla/5.0 (Linux; Android 6.0; Nexus 5 Build/MRA58N) AppleWebKit/537.36 (KHTML, like Gecko) Chrome/99.0.4844.84 Mobile Safari/537.36"
::1 - - [26/Apr/2022:18:16:30 +0200] "GET /build/bundle.js HTTP/1.1" 200 292530 "http://localhost:8000/" "Mozilla/5.0 (Linux; Android 6.0; Nexus 5 Build/MRA58N) AppleWebKit/537.36 (KHTML, like Gecko) Chrome/99.0.4844.84 Mobile Safari/537.36"
::1 - - [26/Apr/2022:18:16:30 +0200] "GET /build/bundle.js.map HTTP/1.1" 200 403501 "-" "Mozilla/5.0 (Windows NT 10.0; Win64; x64) AppleWebKit/537.36 (KHTML, like Gecko) Chrome/99.0.4844.84 Safari/537.36 OPR/85.0.4341.75"
::1 - - [26/Apr/2022:18:16:32 +0200] "GET / HTTP/1.1" 304 0 "http://localhost:8000/" "Mozilla/5.0 (Linux; Android 6.0; Nexus 5 Build/MRA58N) AppleWebKit/537.36 (KHTML, like Gecko) Chrome/99.0.4844.84 Mobile Safari/537.36"
::1 - - [26/Apr/2022:18:16:32 +0200] "GET /build/bundle.js HTTP/1.1" 200 292530 "http://localhost:8000/" "Mozilla/5.0 (Linux; Android 6.0; Nexus 5 Build/MRA58N) AppleWebKit/537.36 (KHTML, like Gecko) Chrome/99.0.4844.84 Mobile Safari/537.36"
::1 - - [26/Apr/2022:18:16:32 +0200] "GET /build/bundle.js.map HTTP/1.1" 200 403501 "-" "Mozilla/5.0 (Windows NT 10.0; Win64; x64) AppleWebKit/537.36 (KHTML, like Gecko) Chrome/99.0.4844.84 Safari/537.36 OPR/85.0.4341.75"
::1 - - [26/Apr/2022:18:16:40 +0200] "GET / HTTP/1.1" 304 0 "http://localhost:8000/" "Mozilla/5.0 (Linux; Android 6.0; Nexus 5 Build/MRA58N) AppleWebKit/537.36 (KHTML, like Gecko) Chrome/99.0.4844.84 Mobile Safari/537.36"
::1 - - [26/Apr/2022:18:16:40 +0200] "GET /build/bundle.js HTTP/1.1" 200 292530 "http://localhost:8000/" "Mozilla/5.0 (Linux; Android 6.0; Nexus 5 Build/MRA58N) AppleWebKit/537.36 (KHTML, like Gecko) Chrome/99.0.4844.84 Mobile Safari/537.36"
::1 - - [26/Apr/2022:18:16:40 +0200] "GET /build/bundle.js.map HTTP/1.1" 200 403501 "-" "Mozilla/5.0 (Windows NT 10.0; Win64; x64) AppleWebKit/537.36 (KHTML, like Gecko) Chrome/99.0.4844.84 Safari/537.36 OPR/85.0.4341.75"
::1 - - [26/Apr/2022:18:17:38 +0200] "GET /build/bundle.css?livereload=1650989858082 HTTP/1.1" 200 4958 "http://localhost:8000/" "Mozilla/5.0 (Linux; Android 6.0; Nexus 5 Build/MRA58N) AppleWebKit/537.36 (KHTML, like Gecko) Chrome/99.0.4844.84 Mobile Safari/537.36"
::1 - - [26/Apr/2022:18:17:38 +0200] "GET / HTTP/1.1" 304 0 "http://localhost:8000/" "Mozilla/5.0 (Linux; Android 6.0; Nexus 5 Build/MRA58N) AppleWebKit/537.36 (KHTML, like Gecko) Chrome/99.0.4844.84 Mobile Safari/537.36"
::1 - - [26/Apr/2022:18:17:38 +0200] "GET /build/bundle.js HTTP/1.1" 200 292532 "http://localhost:8000/" "Mozilla/5.0 (Linux; Android 6.0; Nexus 5 Build/MRA58N) AppleWebKit/537.36 (KHTML, like Gecko) Chrome/99.0.4844.84 Mobile Safari/537.36"
::1 - - [26/Apr/2022:18:17:38 +0200] "GET /build/bundle.js.map HTTP/1.1" 200 403532 "-" "Mozilla/5.0 (Windows NT 10.0; Win64; x64) AppleWebKit/537.36 (KHTML, like Gecko) Chrome/99.0.4844.84 Safari/537.36 OPR/85.0.4341.75"
::1 - - [26/Apr/2022:18:17:58 +0200] "GET / HTTP/1.1" 304 0 "http://localhost:8000/" "Mozilla/5.0 (Linux; Android 6.0; Nexus 5 Build/MRA58N) AppleWebKit/537.36 (KHTML, like Gecko) Chrome/99.0.4844.84 Mobile Safari/537.36"
::1 - - [26/Apr/2022:18:17:58 +0200] "GET /build/bundle.css HTTP/1.1" 200 4958 "http://localhost:8000/" "Mozilla/5.0 (Linux; Android 6.0; Nexus 5 Build/MRA58N) AppleWebKit/537.36 (KHTML, like Gecko) Chrome/99.0.4844.84 Mobile Safari/537.36"
::1 - - [26/Apr/2022:18:17:58 +0200] "GET /build/bundle.js HTTP/1.1" 200 292532 "http://localhost:8000/" "Mozilla/5.0 (Linux; Android 6.0; Nexus 5 Build/MRA58N) AppleWebKit/537.36 (KHTML, like Gecko) Chrome/99.0.4844.84 Mobile Safari/537.36"
::1 - - [26/Apr/2022:18:17:58 +0200] "GET /build/bundle.js.map HTTP/1.1" 200 403532 "-" "Mozilla/5.0 (Windows NT 10.0; Win64; x64) AppleWebKit/537.36 (KHTML, like Gecko) Chrome/99.0.4844.84 Safari/537.36 OPR/85.0.4341.75"
::1 - - [26/Apr/2022:18:18:11 +0200] "GET /build/bundle.css?livereload=1650989891592 HTTP/1.1" 200 4956 "http://localhost:8000/" "Mozilla/5.0 (Linux; Android 6.0; Nexus 5 Build/MRA58N) AppleWebKit/537.36 (KHTML, like Gecko) Chrome/99.0.4844.84 Mobile Safari/537.36"
::1 - - [26/Apr/2022:18:18:11 +0200] "GET / HTTP/1.1" 304 0 "http://localhost:8000/" "Mozilla/5.0 (Linux; Android 6.0; Nexus 5 Build/MRA58N) AppleWebKit/537.36 (KHTML, like Gecko) Chrome/99.0.4844.84 Mobile Safari/537.36"
::1 - - [26/Apr/2022:18:18:11 +0200] "GET /build/bundle.css HTTP/1.1" 200 4956 "http://localhost:8000/" "Mozilla/5.0 (Linux; Android 6.0; Nexus 5 Build/MRA58N) AppleWebKit/537.36 (KHTML, like Gecko) Chrome/99.0.4844.84 Mobile Safari/537.36"
::1 - - [26/Apr/2022:18:18:11 +0200] "GET /build/bundle.js HTTP/1.1" 200 292530 "http://localhost:8000/" "Mozilla/5.0 (Linux; Android 6.0; Nexus 5 Build/MRA58N) AppleWebKit/537.36 (KHTML, like Gecko) Chrome/99.0.4844.84 Mobile Safari/537.36"
::1 - - [26/Apr/2022:18:18:11 +0200] "GET /build/bundle.js.map HTTP/1.1" 200 403532 "-" "Mozilla/5.0 (Windows NT 10.0; Win64; x64) AppleWebKit/537.36 (KHTML, like Gecko) Chrome/99.0.4844.84 Safari/537.36 OPR/85.0.4341.75"
::1 - - [26/Apr/2022:18:19:02 +0200] "GET / HTTP/1.1" 304 0 "http://localhost:8000/" "Mozilla/5.0 (Linux; Android 6.0; Nexus 5 Build/MRA58N) AppleWebKit/537.36 (KHTML, like Gecko) Chrome/99.0.4844.84 Mobile Safari/537.36"
::1 - - [26/Apr/2022:18:19:02 +0200] "GET /build/bundle.css HTTP/1.1" 304 0 "http://localhost:8000/" "Mozilla/5.0 (Linux; Android 6.0; Nexus 5 Build/MRA58N) AppleWebKit/537.36 (KHTML, like Gecko) Chrome/99.0.4844.84 Mobile Safari/537.36"
::1 - - [26/Apr/2022:18:19:02 +0200] "GET /build/bundle.js HTTP/1.1" 200 292531 "http://localhost:8000/" "Mozilla/5.0 (Linux; Android 6.0; Nexus 5 Build/MRA58N) AppleWebKit/537.36 (KHTML, like Gecko) Chrome/99.0.4844.84 Mobile Safari/537.36"
::1 - - [26/Apr/2022:18:19:02 +0200] "GET /build/bundle.js.map HTTP/1.1" 200 403538 "-" "Mozilla/5.0 (Windows NT 10.0; Win64; x64) AppleWebKit/537.36 (KHTML, like Gecko) Chrome/99.0.4844.84 Safari/537.36 OPR/85.0.4341.75"
::1 - - [26/Apr/2022:18:21:36 +0200] "GET / HTTP/1.1" 304 0 "http://localhost:8000/" "Mozilla/5.0 (Linux; Android 6.0; Nexus 5 Build/MRA58N) AppleWebKit/537.36 (KHTML, like Gecko) Chrome/99.0.4844.84 Mobile Safari/537.36"
::1 - - [26/Apr/2022:18:21:36 +0200] "GET /build/bundle.css HTTP/1.1" 304 0 "http://localhost:8000/" "Mozilla/5.0 (Linux; Android 6.0; Nexus 5 Build/MRA58N) AppleWebKit/537.36 (KHTML, like Gecko) Chrome/99.0.4844.84 Mobile Safari/537.36"
::1 - - [26/Apr/2022:18:21:36 +0200] "GET /build/bundle.js HTTP/1.1" 200 292531 "http://localhost:8000/" "Mozilla/5.0 (Linux; Android 6.0; Nexus 5 Build/MRA58N) AppleWebKit/537.36 (KHTML, like Gecko) Chrome/99.0.4844.84 Mobile Safari/537.36"
::1 - - [26/Apr/2022:18:21:37 +0200] "GET /build/bundle.js.map HTTP/1.1" 200 403534 "-" "Mozilla/5.0 (Windows NT 10.0; Win64; x64) AppleWebKit/537.36 (KHTML, like Gecko) Chrome/99.0.4844.84 Safari/537.36 OPR/85.0.4341.75"
::1 - - [26/Apr/2022:18:53:25 +0200] "GET /build/bundle.css?livereload=1650992005633 HTTP/1.1" 200 4962 "http://localhost:8000/" "Mozilla/5.0 (Linux; Android 6.0; Nexus 5 Build/MRA58N) AppleWebKit/537.36 (KHTML, like Gecko) Chrome/99.0.4844.84 Mobile Safari/537.36"
::1 - - [26/Apr/2022:18:53:25 +0200] "GET / HTTP/1.1" 304 0 "http://localhost:8000/" "Mozilla/5.0 (Linux; Android 6.0; Nexus 5 Build/MRA58N) AppleWebKit/537.36 (KHTML, like Gecko) Chrome/99.0.4844.84 Mobile Safari/537.36"
::1 - - [26/Apr/2022:18:53:25 +0200] "GET /build/bundle.css HTTP/1.1" 200 4962 "http://localhost:8000/" "Mozilla/5.0 (Linux; Android 6.0; Nexus 5 Build/MRA58N) AppleWebKit/537.36 (KHTML, like Gecko) Chrome/99.0.4844.84 Mobile Safari/537.36"
::1 - - [26/Apr/2022:18:53:25 +0200] "GET /build/bundle.js HTTP/1.1" 200 292531 "http://localhost:8000/" "Mozilla/5.0 (Linux; Android 6.0; Nexus 5 Build/MRA58N) AppleWebKit/537.36 (KHTML, like Gecko) Chrome/99.0.4844.84 Mobile Safari/537.36"
::1 - - [26/Apr/2022:18:53:26 +0200] "GET /build/bundle.js.map HTTP/1.1" 200 403540 "-" "Mozilla/5.0 (Windows NT 10.0; Win64; x64) AppleWebKit/537.36 (KHTML, like Gecko) Chrome/99.0.4844.84 Safari/537.36 OPR/85.0.4341.75"
::1 - - [26/Apr/2022:18:53:31 +0200] "GET /build/bundle.css HTTP/1.1" 304 0 "http://localhost:8000/" "Mozilla/5.0 (Windows NT 10.0; Win64; x64) AppleWebKit/537.36 (KHTML, like Gecko) Chrome/99.0.4844.84 Safari/537.36 OPR/85.0.4341.75"
::1 - - [26/Apr/2022:18:53:31 +0200] "GET /build/bundle.js HTTP/1.1" 304 0 "http://localhost:8000/" "Mozilla/5.0 (Windows NT 10.0; Win64; x64) AppleWebKit/537.36 (KHTML, like Gecko) Chrome/99.0.4844.84 Safari/537.36 OPR/85.0.4341.75"
::1 - - [26/Apr/2022:20:11:06 +0200] "GET /build/bundle.css HTTP/1.1" 304 0 "http://localhost:8000/" "Mozilla/5.0 (Windows NT 10.0; Win64; x64) AppleWebKit/537.36 (KHTML, like Gecko) Chrome/99.0.4844.84 Safari/537.36 OPR/85.0.4341.75"
::1 - - [26/Apr/2022:20:11:06 +0200] "GET /build/bundle.js.map HTTP/1.1" 200 403540 "-" "Mozilla/5.0 (Windows NT 10.0; Win64; x64) AppleWebKit/537.36 (KHTML, like Gecko) Chrome/99.0.4844.84 Safari/537.36 OPR/85.0.4341.75"
::1 - - [26/Apr/2022:20:11:43 +0200] "GET / HTTP/1.1" 200 592 "-" "Mozilla/5.0 (Linux; Android 6.0; Nexus 5 Build/MRA58N) AppleWebKit/537.36 (KHTML, like Gecko) Chrome/99.0.4844.84 Mobile Safari/537.36"
::1 - - [26/Apr/2022:20:11:43 +0200] "GET /global.css HTTP/1.1" 200 1047 "http://localhost:8000/" "Mozilla/5.0 (Linux; Android 6.0; Nexus 5 Build/MRA58N) AppleWebKit/537.36 (KHTML, like Gecko) Chrome/99.0.4844.84 Mobile Safari/537.36"
::1 - - [26/Apr/2022:20:11:43 +0200] "GET /build/bundle.css HTTP/1.1" 200 4962 "http://localhost:8000/" "Mozilla/5.0 (Linux; Android 6.0; Nexus 5 Build/MRA58N) AppleWebKit/537.36 (KHTML, like Gecko) Chrome/99.0.4844.84 Mobile Safari/537.36"
::1 - - [26/Apr/2022:20:11:43 +0200] "GET /build/bundle.js HTTP/1.1" 200 292531 "http://localhost:8000/" "Mozilla/5.0 (Linux; Android 6.0; Nexus 5 Build/MRA58N) AppleWebKit/537.36 (KHTML, like Gecko) Chrome/99.0.4844.84 Mobile Safari/537.36"
::1 - - [26/Apr/2022:20:11:43 +0200] "GET /build/bundle.js.map HTTP/1.1" 200 403540 "-" "Mozilla/5.0 (Windows NT 10.0; Win64; x64) AppleWebKit/537.36 (KHTML, like Gecko) Chrome/99.0.4844.84 Safari/537.36 OPR/85.0.4341.75"
::1 - - [26/Apr/2022:20:11:43 +0200] "GET /favicon.png HTTP/1.1" 200 3127 "http://localhost:8000/" "Mozilla/5.0 (Linux; Android 6.0; Nexus 5 Build/MRA58N) AppleWebKit/537.36 (KHTML, like Gecko) Chrome/99.0.4844.84 Mobile Safari/537.36"
::1 - - [26/Apr/2022:20:21:43 +0200] "GET /build/bundle.css?livereload=1650997303918 HTTP/1.1" 200 4992 "http://localhost:8000/" "Mozilla/5.0 (Linux; Android 6.0; Nexus 5 Build/MRA58N) AppleWebKit/537.36 (KHTML, like Gecko) Chrome/99.0.4844.84 Mobile Safari/537.36"
::1 - - [26/Apr/2022:20:21:43 +0200] "GET /build/bundle.css?livereload=1650997303921 HTTP/1.1" 200 4992 "http://localhost:8000/" "Mozilla/5.0 (Linux; Android 6.0; Nexus 5 Build/MRA58N) AppleWebKit/537.36 (KHTML, like Gecko) Chrome/99.0.4844.84 Mobile Safari/537.36"
::1 - - [26/Apr/2022:20:21:43 +0200] "GET / HTTP/1.1" 304 0 "http://localhost:8000/" "Mozilla/5.0 (Linux; Android 6.0; Nexus 5 Build/MRA58N) AppleWebKit/537.36 (KHTML, like Gecko) Chrome/99.0.4844.84 Mobile Safari/537.36"
::1 - - [26/Apr/2022:20:21:43 +0200] "GET / HTTP/1.1" 304 0 "http://localhost:8000/" "Mozilla/5.0 (Linux; Android 6.0; Nexus 5 Build/MRA58N) AppleWebKit/537.36 (KHTML, like Gecko) Chrome/99.0.4844.84 Mobile Safari/537.36"
::1 - - [26/Apr/2022:20:21:44 +0200] "GET /build/bundle.css HTTP/1.1" 200 4992 "http://localhost:8000/" "Mozilla/5.0 (Linux; Android 6.0; Nexus 5 Build/MRA58N) AppleWebKit/537.36 (KHTML, like Gecko) Chrome/99.0.4844.84 Mobile Safari/537.36"
::1 - - [26/Apr/2022:20:21:44 +0200] "GET /build/bundle.css HTTP/1.1" 304 0 "http://localhost:8000/" "Mozilla/5.0 (Linux; Android 6.0; Nexus 5 Build/MRA58N) AppleWebKit/537.36 (KHTML, like Gecko) Chrome/99.0.4844.84 Mobile Safari/537.36"
::1 - - [26/Apr/2022:20:21:44 +0200] "GET /build/bundle.js HTTP/1.1" 200 292531 "http://localhost:8000/" "Mozilla/5.0 (Linux; Android 6.0; Nexus 5 Build/MRA58N) AppleWebKit/537.36 (KHTML, like Gecko) Chrome/99.0.4844.84 Mobile Safari/537.36"
::1 - - [26/Apr/2022:20:21:44 +0200] "GET /build/bundle.js HTTP/1.1" 200 292531 "http://localhost:8000/" "Mozilla/5.0 (Linux; Android 6.0; Nexus 5 Build/MRA58N) AppleWebKit/537.36 (KHTML, like Gecko) Chrome/99.0.4844.84 Mobile Safari/537.36"
::1 - - [26/Apr/2022:20:21:44 +0200] "GET /build/bundle.js.map HTTP/1.1" 200 403583 "-" "Mozilla/5.0 (Windows NT 10.0; Win64; x64) AppleWebKit/537.36 (KHTML, like Gecko) Chrome/99.0.4844.84 Safari/537.36 OPR/85.0.4341.75"
::1 - - [26/Apr/2022:20:21:44 +0200] "GET /build/bundle.js.map HTTP/1.1" 200 403583 "-" "Mozilla/5.0 (Windows NT 10.0; Win64; x64) AppleWebKit/537.36 (KHTML, like Gecko) Chrome/99.0.4844.84 Safari/537.36 OPR/85.0.4341.75"
::1 - - [26/Apr/2022:20:22:09 +0200] "GET /build/bundle.css?livereload=1650997329932 HTTP/1.1" 200 5039 "http://localhost:8000/" "Mozilla/5.0 (Linux; Android 6.0; Nexus 5 Build/MRA58N) AppleWebKit/537.36 (KHTML, like Gecko) Chrome/99.0.4844.84 Mobile Safari/537.36"
::1 - - [26/Apr/2022:20:22:09 +0200] "GET /build/bundle.css?livereload=1650997329933 HTTP/1.1" 200 5039 "http://localhost:8000/" "Mozilla/5.0 (Linux; Android 6.0; Nexus 5 Build/MRA58N) AppleWebKit/537.36 (KHTML, like Gecko) Chrome/99.0.4844.84 Mobile Safari/537.36"
::1 - - [26/Apr/2022:20:22:09 +0200] "GET / HTTP/1.1" 304 0 "http://localhost:8000/" "Mozilla/5.0 (Linux; Android 6.0; Nexus 5 Build/MRA58N) AppleWebKit/537.36 (KHTML, like Gecko) Chrome/99.0.4844.84 Mobile Safari/537.36"
::1 - - [26/Apr/2022:20:22:09 +0200] "GET / HTTP/1.1" 304 0 "http://localhost:8000/" "Mozilla/5.0 (Linux; Android 6.0; Nexus 5 Build/MRA58N) AppleWebKit/537.36 (KHTML, like Gecko) Chrome/99.0.4844.84 Mobile Safari/537.36"
::1 - - [26/Apr/2022:20:22:10 +0200] "GET /build/bundle.css HTTP/1.1" 200 5039 "http://localhost:8000/" "Mozilla/5.0 (Linux; Android 6.0; Nexus 5 Build/MRA58N) AppleWebKit/537.36 (KHTML, like Gecko) Chrome/99.0.4844.84 Mobile Safari/537.36"
::1 - - [26/Apr/2022:20:22:10 +0200] "GET /build/bundle.js HTTP/1.1" 200 292579 "http://localhost:8000/" "Mozilla/5.0 (Linux; Android 6.0; Nexus 5 Build/MRA58N) AppleWebKit/537.36 (KHTML, like Gecko) Chrome/99.0.4844.84 Mobile Safari/537.36"
::1 - - [26/Apr/2022:20:22:10 +0200] "GET /build/bundle.js HTTP/1.1" 200 292579 "http://localhost:8000/" "Mozilla/5.0 (Linux; Android 6.0; Nexus 5 Build/MRA58N) AppleWebKit/537.36 (KHTML, like Gecko) Chrome/99.0.4844.84 Mobile Safari/537.36"
::1 - - [26/Apr/2022:20:22:10 +0200] "GET /build/bundle.js.map HTTP/1.1" 200 403652 "-" "Mozilla/5.0 (Windows NT 10.0; Win64; x64) AppleWebKit/537.36 (KHTML, like Gecko) Chrome/99.0.4844.84 Safari/537.36 OPR/85.0.4341.75"
::1 - - [26/Apr/2022:20:22:10 +0200] "GET /build/bundle.js.map HTTP/1.1" 200 403652 "-" "Mozilla/5.0 (Windows NT 10.0; Win64; x64) AppleWebKit/537.36 (KHTML, like Gecko) Chrome/99.0.4844.84 Safari/537.36 OPR/85.0.4341.75"
::1 - - [26/Apr/2022:20:22:44 +0200] "GET /build/bundle.css?livereload=1650997364492 HTTP/1.1" 200 5069 "http://localhost:8000/" "Mozilla/5.0 (Windows NT 10.0; Win64; x64) AppleWebKit/537.36 (KHTML, like Gecko) Chrome/99.0.4844.84 Safari/537.36 OPR/85.0.4341.75"
::1 - - [26/Apr/2022:20:22:44 +0200] "GET /build/bundle.css?livereload=1650997364495 HTTP/1.1" 200 5069 "http://localhost:8000/" "Mozilla/5.0 (Linux; Android 6.0; Nexus 5 Build/MRA58N) AppleWebKit/537.36 (KHTML, like Gecko) Chrome/99.0.4844.84 Mobile Safari/537.36"
::1 - - [26/Apr/2022:20:22:44 +0200] "GET / HTTP/1.1" 304 0 "http://localhost:8000/" "Mozilla/5.0 (Windows NT 10.0; Win64; x64) AppleWebKit/537.36 (KHTML, like Gecko) Chrome/99.0.4844.84 Safari/537.36 OPR/85.0.4341.75"
::1 - - [26/Apr/2022:20:22:44 +0200] "GET / HTTP/1.1" 304 0 "http://localhost:8000/" "Mozilla/5.0 (Linux; Android 6.0; Nexus 5 Build/MRA58N) AppleWebKit/537.36 (KHTML, like Gecko) Chrome/99.0.4844.84 Mobile Safari/537.36"
::1 - - [26/Apr/2022:20:22:44 +0200] "GET /build/bundle.css HTTP/1.1" 200 5069 "http://localhost:8000/" "Mozilla/5.0 (Windows NT 10.0; Win64; x64) AppleWebKit/537.36 (KHTML, like Gecko) Chrome/99.0.4844.84 Safari/537.36 OPR/85.0.4341.75"
::1 - - [26/Apr/2022:20:22:44 +0200] "GET /build/bundle.css HTTP/1.1" 304 0 "http://localhost:8000/" "Mozilla/5.0 (Linux; Android 6.0; Nexus 5 Build/MRA58N) AppleWebKit/537.36 (KHTML, like Gecko) Chrome/99.0.4844.84 Mobile Safari/537.36"
::1 - - [26/Apr/2022:20:22:44 +0200] "GET /build/bundle.js HTTP/1.1" 200 292593 "http://localhost:8000/" "Mozilla/5.0 (Windows NT 10.0; Win64; x64) AppleWebKit/537.36 (KHTML, like Gecko) Chrome/99.0.4844.84 Safari/537.36 OPR/85.0.4341.75"
::1 - - [26/Apr/2022:20:22:44 +0200] "GET /build/bundle.js HTTP/1.1" 200 292593 "http://localhost:8000/" "Mozilla/5.0 (Linux; Android 6.0; Nexus 5 Build/MRA58N) AppleWebKit/537.36 (KHTML, like Gecko) Chrome/99.0.4844.84 Mobile Safari/537.36"
::1 - - [26/Apr/2022:20:22:44 +0200] "GET /build/bundle.js.map HTTP/1.1" 200 403691 "-" "Mozilla/5.0 (Windows NT 10.0; Win64; x64) AppleWebKit/537.36 (KHTML, like Gecko) Chrome/99.0.4844.84 Safari/537.36 OPR/85.0.4341.75"
::1 - - [26/Apr/2022:20:30:27 +0200] "GET / HTTP/1.1" 200 592 "http://localhost:8000/" "Mozilla/5.0 (Windows NT 10.0; Win64; x64) AppleWebKit/537.36 (KHTML, like Gecko) Chrome/99.0.4844.84 Safari/537.36 OPR/85.0.4341.75"
::1 - - [26/Apr/2022:20:30:27 +0200] "GET /global.css HTTP/1.1" 200 1047 "http://localhost:8000/" "Mozilla/5.0 (Windows NT 10.0; Win64; x64) AppleWebKit/537.36 (KHTML, like Gecko) Chrome/99.0.4844.84 Safari/537.36 OPR/85.0.4341.75"
::1 - - [26/Apr/2022:20:30:27 +0200] "GET /build/bundle.css HTTP/1.1" 200 5069 "http://localhost:8000/" "Mozilla/5.0 (Windows NT 10.0; Win64; x64) AppleWebKit/537.36 (KHTML, like Gecko) Chrome/99.0.4844.84 Safari/537.36 OPR/85.0.4341.75"
::1 - - [26/Apr/2022:20:30:27 +0200] "GET /build/bundle.js HTTP/1.1" 200 292593 "http://localhost:8000/" "Mozilla/5.0 (Windows NT 10.0; Win64; x64) AppleWebKit/537.36 (KHTML, like Gecko) Chrome/99.0.4844.84 Safari/537.36 OPR/85.0.4341.75"
::1 - - [26/Apr/2022:20:30:27 +0200] "GET /favicon.png HTTP/1.1" 200 3127 "http://localhost:8000/" "Mozilla/5.0 (Windows NT 10.0; Win64; x64) AppleWebKit/537.36 (KHTML, like Gecko) Chrome/99.0.4844.84 Safari/537.36 OPR/85.0.4341.75"
::1 - - [27/Apr/2022:23:44:43 +0200] "GET / HTTP/1.1" 304 0 "http://localhost:8000/" "Mozilla/5.0 (Linux; Android 8.0.0; SM-G955U Build/R16NW) AppleWebKit/537.36 (KHTML, like Gecko) Chrome/87.0.4280.141 Mobile Safari/537.36"
::1 - - [27/Apr/2022:23:44:43 +0200] "GET /build/bundle.css HTTP/1.1" 200 5961 "http://localhost:8000/" "Mozilla/5.0 (Linux; Android 8.0.0; SM-G955U Build/R16NW) AppleWebKit/537.36 (KHTML, like Gecko) Chrome/87.0.4280.141 Mobile Safari/537.36"
::1 - - [27/Apr/2022:23:44:44 +0200] "GET /build/bundle.js HTTP/1.1" 200 308112 "http://localhost:8000/" "Mozilla/5.0 (Linux; Android 8.0.0; SM-G955U Build/R16NW) AppleWebKit/537.36 (KHTML, like Gecko) Chrome/87.0.4280.141 Mobile Safari/537.36"
::1 - - [27/Apr/2022:23:44:45 +0200] "GET / HTTP/1.1" 304 0 "http://localhost:8000/" "Mozilla/5.0 (Linux; Android 8.0.0; SM-G955U Build/R16NW) AppleWebKit/537.36 (KHTML, like Gecko) Chrome/87.0.4280.141 Mobile Safari/537.36"
::1 - - [27/Apr/2022:23:44:45 +0200] "GET /build/bundle.css HTTP/1.1" 304 0 "http://localhost:8000/" "Mozilla/5.0 (Linux; Android 8.0.0; SM-G955U Build/R16NW) AppleWebKit/537.36 (KHTML, like Gecko) Chrome/87.0.4280.141 Mobile Safari/537.36"
::1 - - [27/Apr/2022:23:44:46 +0200] "GET /build/bundle.js HTTP/1.1" 206 1 "http://localhost:8000/" "Mozilla/5.0 (Linux; Android 8.0.0; SM-G955U Build/R16NW) AppleWebKit/537.36 (KHTML, like Gecko) Chrome/87.0.4280.141 Mobile Safari/537.36"
::1 - - [27/Apr/2022:23:44:46 +0200] "GET /build/bundle.js HTTP/1.1" 206 200772 "http://localhost:8000/" "Mozilla/5.0 (Linux; Android 8.0.0; SM-G955U Build/R16NW) AppleWebKit/537.36 (KHTML, like Gecko) Chrome/87.0.4280.141 Mobile Safari/537.36"
::1 - - [27/Apr/2022:23:44:48 +0200] "GET /build/bundle.js.map HTTP/1.1" 200 409410 "-" "Mozilla/5.0 (Windows NT 10.0; Win64; x64) AppleWebKit/537.36 (KHTML, like Gecko) Chrome/100.0.4896.127 Safari/537.36"
